<?xml version="1.0" encoding="UTF-8"?>
<testsuite name="RecipesApplicationTest" tests="1" skipped="0" failures="0" errors="0" timestamp="2023-05-25T01:14:22" hostname="vel-linux" time="20.306">
  <properties/>
  <testcase name="start" classname="RecipesApplicationTest" time="20.306"/>
  <system-out><![CDATA[?[1;31m
Start test 1?[0m
?[0;34m
?[0m?[0;34m  .   ____          _            __ _ _
?[0m?[0;34m /\\ / ___'_ __ _ _(_)_ __  __ _ \ \ \ \
?[0m?[0;34m( ( )\___ | '_ | '_| | '_ \/ _` | \ \ \ \
?[0m?[0;34m \\/  ___)| |_)| | | | | || (_| |  ) ) ) )
?[0m?[0;34m  '  |____| .__|_| |_|_| |_\__, | / / / /
?[0m?[0;34m =========|_|==============|___/=/_/_/_/
?[0m?[0;34m :: Spring Boot ::                (v3.0.2)
?[0m?[0;34m
?[0m?[0;34m2023-05-25T06:44:22.838+05:30  INFO 7100 --- [    Test worker] recipes.RecipesApplication               : Starting RecipesApplication using Java 17.0.7 with PID 7100 (started by manikandan in /home/manikandan/IdeaProjects/Recipes/Recipes/task)
?[0m?[0;34m2023-05-25T06:44:22.844+05:30  INFO 7100 --- [    Test worker] recipes.RecipesApplication               : No active profile set, falling back to 1 default profile: "default"
?[0m?[0;34m2023-05-25T06:44:24.114+05:30  INFO 7100 --- [    Test worker] .s.d.r.c.RepositoryConfigurationDelegate : Bootstrapping Spring Data JPA repositories in DEFAULT mode.
?[0m?[0;34m2023-05-25T06:44:24.188+05:30  INFO 7100 --- [    Test worker] .s.d.r.c.RepositoryConfigurationDelegate : Finished Spring Data repository scanning in 62 ms. Found 1 JPA repository interfaces.
?[0m?[0;34m2023-05-25T06:44:24.923+05:30  INFO 7100 --- [    Test worker] o.s.b.w.embedded.tomcat.TomcatWebServer  : Tomcat initialized with port(s): 1080 (http)
?[0m?[0;34m2023-05-25T06:44:24.939+05:30  INFO 7100 --- [    Test worker] o.apache.catalina.core.StandardService   : Starting service [Tomcat]
?[0m?[0;34m2023-05-25T06:44:24.940+05:30  INFO 7100 --- [    Test worker] o.apache.catalina.core.StandardEngine    : Starting Servlet engine: [Apache Tomcat/10.1.5]
?[0m?[0;34m2023-05-25T06:44:25.068+05:30  INFO 7100 --- [    Test worker] o.a.c.c.C.[Tomcat].[localhost].[/]       : Initializing Spring embedded WebApplicationContext
?[0m?[0;34m2023-05-25T06:44:25.071+05:30  INFO 7100 --- [    Test worker] w.s.c.ServletWebServerApplicationContext : Root WebApplicationContext: initialization completed in 2165 ms
?[0m?[0;34m2023-05-25T06:44:25.208+05:30  INFO 7100 --- [    Test worker] com.zaxxer.hikari.HikariDataSource       : HikariPool-1 - Starting...
?[0m?[0;34m2023-05-25T06:44:25.491+05:30  INFO 7100 --- [    Test worker] com.zaxxer.hikari.pool.HikariPool        : HikariPool-1 - Added connection conn0: url=jdbc:h2:file:/home/manikandan/recipes1_db.mv.db user=
?[0m?[0;34m2023-05-25T06:44:25.494+05:30  INFO 7100 --- [    Test worker] com.zaxxer.hikari.HikariDataSource       : HikariPool-1 - Start completed.
?[0m?[0;34m2023-05-25T06:44:25.513+05:30  INFO 7100 --- [    Test worker] o.s.b.a.h2.H2ConsoleAutoConfiguration    : H2 console available at '/h2-console'. Database available at 'jdbc:h2:file:/home/manikandan/recipes1_db.mv.db'
?[0m?[0;34m2023-05-25T06:44:25.620+05:30  WARN 7100 --- [    Test worker] .t.u.s.PrivilegedSetAccessControlContext : Unable to set field Thread.inheritedAccessControlContext
?[0m?[0;34m
?[0m?[0;34mjava.lang.IllegalAccessException: class org.apache.tomcat.util.security.PrivilegedSetAccessControlContext cannot access a member of class java.lang.Thread (in module java.base) with modifiers "private"
?[0m?[0;34m	at java.base/jdk.internal.reflect.Reflection.newIllegalAccessException(Reflection.java:392) ~[na:na]
?[0m?[0;34m	at java.base/java.lang.reflect.AccessibleObject.checkAccess(AccessibleObject.java:674) ~[na:na]
?[0m?[0;34m	at java.base/java.lang.reflect.Field.checkAccess(Field.java:1102) ~[na:na]
?[0m?[0;34m	at java.base/java.lang.reflect.Field.set(Field.java:797) ~[na:na]
?[0m?[0;34m	at org.apache.tomcat.util.security.PrivilegedSetAccessControlContext.run(PrivilegedSetAccessControlContext.java:60) ~[tomcat-embed-core-10.1.5.jar:10.1.5]
?[0m?[0;34m	at org.apache.tomcat.util.security.PrivilegedSetAccessControlContext.run(PrivilegedSetAccessControlContext.java:28) ~[tomcat-embed-core-10.1.5.jar:10.1.5]
?[0m?[0;34m	at java.base/java.security.AccessController.doPrivileged(AccessController.java:318) ~[na:na]
?[0m?[0;34m	at org.apache.tomcat.util.threads.TaskThreadFactory.newThread(TaskThreadFactory.java:64) ~[tomcat-embed-core-10.1.5.jar:10.1.5]
?[0m?[0;34m	at java.base/java.util.concurrent.ThreadPoolExecutor$Worker.<init>(ThreadPoolExecutor.java:630) ~[na:na]
?[0m?[0;34m	at java.base/java.util.concurrent.ThreadPoolExecutor.addWorker(ThreadPoolExecutor.java:920) ~[na:na]
?[0m?[0;34m	at java.base/java.util.concurrent.ThreadPoolExecutor.ensurePrestart(ThreadPoolExecutor.java:1593) ~[na:na]
?[0m?[0;34m	at java.base/java.util.concurrent.ScheduledThreadPoolExecutor.delayedExecute(ScheduledThreadPoolExecutor.java:346) ~[na:na]
?[0m?[0;34m	at java.base/java.util.concurrent.ScheduledThreadPoolExecutor.scheduleWithFixedDelay(ScheduledThreadPoolExecutor.java:680) ~[na:na]
?[0m?[0;34m	at org.apache.tomcat.util.threads.ScheduledThreadPoolExecutor.scheduleWithFixedDelay(ScheduledThreadPoolExecutor.java:138) ~[tomcat-embed-core-10.1.5.jar:10.1.5]
?[0m?[0;34m	at org.apache.catalina.core.ContainerBase.startInternal(ContainerBase.java:948) ~[tomcat-embed-core-10.1.5.jar:10.1.5]
?[0m?[0;34m	at org.apache.catalina.core.StandardEngine.startInternal(StandardEngine.java:252) ~[tomcat-embed-core-10.1.5.jar:10.1.5]
?[0m?[0;34m	at org.apache.catalina.util.LifecycleBase.start(LifecycleBase.java:183) ~[tomcat-embed-core-10.1.5.jar:10.1.5]
?[0m?[0;34m	at org.apache.catalina.core.StandardService.startInternal(StandardService.java:430) ~[tomcat-embed-core-10.1.5.jar:10.1.5]
?[0m?[0;34m	at org.apache.catalina.util.LifecycleBase.start(LifecycleBase.java:183) ~[tomcat-embed-core-10.1.5.jar:10.1.5]
?[0m?[0;34m	at org.apache.catalina.core.StandardServer.startInternal(StandardServer.java:926) ~[tomcat-embed-core-10.1.5.jar:10.1.5]
?[0m?[0;34m	at org.apache.catalina.util.LifecycleBase.start(LifecycleBase.java:183) ~[tomcat-embed-core-10.1.5.jar:10.1.5]
?[0m?[0;34m	at org.apache.catalina.startup.Tomcat.start(Tomcat.java:485) ~[tomcat-embed-core-10.1.5.jar:10.1.5]
?[0m?[0;34m	at org.springframework.boot.web.embedded.tomcat.TomcatWebServer.initialize(TomcatWebServer.java:123) ~[spring-boot-3.0.2.jar:3.0.2]
?[0m?[0;34m	at org.springframework.boot.web.embedded.tomcat.TomcatWebServer.<init>(TomcatWebServer.java:104) ~[spring-boot-3.0.2.jar:3.0.2]
?[0m?[0;34m	at org.springframework.boot.web.embedded.tomcat.TomcatServletWebServerFactory.getTomcatWebServer(TomcatServletWebServerFactory.java:486) ~[spring-boot-3.0.2.jar:3.0.2]
?[0m?[0;34m	at org.springframework.boot.web.embedded.tomcat.TomcatServletWebServerFactory.getWebServer(TomcatServletWebServerFactory.java:210) ~[spring-boot-3.0.2.jar:3.0.2]
?[0m?[0;34m	at org.springframework.boot.web.servlet.context.ServletWebServerApplicationContext.createWebServer(ServletWebServerApplicationContext.java:183) ~[spring-boot-3.0.2.jar:3.0.2]
?[0m?[0;34m	at org.springframework.boot.web.servlet.context.ServletWebServerApplicationContext.onRefresh(ServletWebServerApplicationContext.java:161) ~[spring-boot-3.0.2.jar:3.0.2]
?[0m?[0;34m	at org.springframework.context.support.AbstractApplicationContext.refresh(AbstractApplicationContext.java:578) ~[spring-context-6.0.4.jar:6.0.4]
?[0m?[0;34m	at org.springframework.boot.web.servlet.context.ServletWebServerApplicationContext.refresh(ServletWebServerApplicationContext.java:146) ~[spring-boot-3.0.2.jar:3.0.2]
?[0m?[0;34m	at org.springframework.boot.SpringApplication.refresh(SpringApplication.java:730) ~[spring-boot-3.0.2.jar:3.0.2]
?[0m?[0;34m	at org.springframework.boot.SpringApplication.refreshContext(SpringApplication.java:432) ~[spring-boot-3.0.2.jar:3.0.2]
?[0m?[0;34m	at org.springframework.boot.SpringApplication.run(SpringApplication.java:308) ~[spring-boot-3.0.2.jar:3.0.2]
?[0m?[0;34m	at org.springframework.boot.SpringApplication.run(SpringApplication.java:1302) ~[spring-boot-3.0.2.jar:3.0.2]
?[0m?[0;34m	at org.springframework.boot.SpringApplication.run(SpringApplication.java:1291) ~[spring-boot-3.0.2.jar:3.0.2]
?[0m?[0;34m	at recipes.RecipesApplication.main(RecipesApplication.java:9) ~[main/:na]
?[0m?[0;34m	at java.base/jdk.internal.reflect.NativeMethodAccessorImpl.invoke0(Native Method) ~[na:na]
?[0m?[0;34m	at java.base/jdk.internal.reflect.NativeMethodAccessorImpl.invoke(NativeMethodAccessorImpl.java:77) ~[na:na]
?[0m?[0;34m	at java.base/jdk.internal.reflect.DelegatingMethodAccessorImpl.invoke(DelegatingMethodAccessorImpl.java:43) ~[na:na]
?[0m?[0;34m	at java.base/java.lang.reflect.Method.invoke(Method.java:568) ~[na:na]
?[0m?[0;34m	at org.hyperskill.hstest.stage.SpringTest.startSpring(SpringTest.java:187) ~[hs-test-release-SNAPSHOT.jar:na]
?[0m?[0;34m	at org.hyperskill.hstest.stage.SpringTest.launchSpring(SpringTest.java:49) ~[hs-test-release-SNAPSHOT.jar:na]
?[0m?[0;34m	at org.hyperskill.hstest.testing.runner.SpringApplicationRunner.launchSpringBootApplication(SpringApplicationRunner.java:20) ~[hs-test-release-SNAPSHOT.jar:na]
?[0m?[0;34m	at org.hyperskill.hstest.testing.runner.SpringApplicationRunner.setUp(SpringApplicationRunner.java:35) ~[hs-test-release-SNAPSHOT.jar:na]
?[0m?[0;34m	at org.hyperskill.hstest.testing.TestRun.setUp(TestRun.java:77) ~[hs-test-release-SNAPSHOT.jar:na]
?[0m?[0;34m	at org.hyperskill.hstest.stage.StageTest.start(StageTest.java:159) ~[hs-test-release-SNAPSHOT.jar:na]
?[0m?[0;34m	at java.base/jdk.internal.reflect.NativeMethodAccessorImpl.invoke0(Native Method) ~[na:na]
?[0m?[0;34m	at java.base/jdk.internal.reflect.NativeMethodAccessorImpl.invoke(NativeMethodAccessorImpl.java:77) ~[na:na]
?[0m?[0;34m	at java.base/jdk.internal.reflect.DelegatingMethodAccessorImpl.invoke(DelegatingMethodAccessorImpl.java:43) ~[na:na]
?[0m?[0;34m	at java.base/java.lang.reflect.Method.invoke(Method.java:568) ~[na:na]
?[0m?[0;34m	at org.junit.runners.model.FrameworkMethod$1.runReflectiveCall(FrameworkMethod.java:59) ~[junit-4.13.2.jar:4.13.2]
?[0m?[0;34m	at org.junit.internal.runners.model.ReflectiveCallable.run(ReflectiveCallable.java:12) ~[junit-4.13.2.jar:4.13.2]
?[0m?[0;34m	at org.junit.runners.model.FrameworkMethod.invokeExplosively(FrameworkMethod.java:56) ~[junit-4.13.2.jar:4.13.2]
?[0m?[0;34m	at org.junit.internal.runners.statements.InvokeMethod.evaluate(InvokeMethod.java:17) ~[junit-4.13.2.jar:4.13.2]
?[0m?[0;34m	at org.junit.internal.runners.statements.RunAfters.evaluate(RunAfters.java:27) ~[junit-4.13.2.jar:4.13.2]
?[0m?[0;34m	at org.junit.runners.ParentRunner$3.evaluate(ParentRunner.java:306) ~[junit-4.13.2.jar:4.13.2]
?[0m?[0;34m	at org.junit.runners.BlockJUnit4ClassRunner$1.evaluate(BlockJUnit4ClassRunner.java:100) ~[junit-4.13.2.jar:4.13.2]
?[0m?[0;34m	at org.junit.runners.ParentRunner.runLeaf(ParentRunner.java:366) ~[junit-4.13.2.jar:4.13.2]
?[0m?[0;34m	at org.junit.runners.BlockJUnit4ClassRunner.runChild(BlockJUnit4ClassRunner.java:103) ~[junit-4.13.2.jar:4.13.2]
?[0m?[0;34m	at org.junit.runners.BlockJUnit4ClassRunner.runChild(BlockJUnit4ClassRunner.java:63) ~[junit-4.13.2.jar:4.13.2]
?[0m?[0;34m	at org.junit.runners.ParentRunner$4.run(ParentRunner.java:331) ~[junit-4.13.2.jar:4.13.2]
?[0m?[0;34m	at org.junit.runners.ParentRunner$1.schedule(ParentRunner.java:79) ~[junit-4.13.2.jar:4.13.2]
?[0m?[0;34m	at org.junit.runners.ParentRunner.runChildren(ParentRunner.java:329) ~[junit-4.13.2.jar:4.13.2]
?[0m?[0;34m	at org.junit.runners.ParentRunner.access$100(ParentRunner.java:66) ~[junit-4.13.2.jar:4.13.2]
?[0m?[0;34m	at org.junit.runners.ParentRunner$2.evaluate(ParentRunner.java:293) ~[junit-4.13.2.jar:4.13.2]
?[0m?[0;34m	at org.junit.runners.ParentRunner$3.evaluate(ParentRunner.java:306) ~[junit-4.13.2.jar:4.13.2]
?[0m?[0;34m	at org.junit.runners.ParentRunner.run(ParentRunner.java:413) ~[junit-4.13.2.jar:4.13.2]
?[0m?[0;34m	at org.gradle.api.internal.tasks.testing.junit.JUnitTestClassExecutor.runTestClass(JUnitTestClassExecutor.java:108) ~[na:na]
?[0m?[0;34m	at org.gradle.api.internal.tasks.testing.junit.JUnitTestClassExecutor.execute(JUnitTestClassExecutor.java:57) ~[na:na]
?[0m?[0;34m	at org.gradle.api.internal.tasks.testing.junit.JUnitTestClassExecutor.execute(JUnitTestClassExecutor.java:39) ~[na:na]
?[0m?[0;34m	at org.gradle.api.internal.tasks.testing.junit.AbstractJUnitTestClassProcessor.processTestClass(AbstractJUnitTestClassProcessor.java:62) ~[na:na]
?[0m?[0;34m	at org.gradle.api.internal.tasks.testing.SuiteTestClassProcessor.processTestClass(SuiteTestClassProcessor.java:52) ~[na:na]
?[0m?[0;34m	at java.base/jdk.internal.reflect.NativeMethodAccessorImpl.invoke0(Native Method) ~[na:na]
?[0m?[0;34m	at java.base/jdk.internal.reflect.NativeMethodAccessorImpl.invoke(NativeMethodAccessorImpl.java:77) ~[na:na]
?[0m?[0;34m	at java.base/jdk.internal.reflect.DelegatingMethodAccessorImpl.invoke(DelegatingMethodAccessorImpl.java:43) ~[na:na]
?[0m?[0;34m	at java.base/java.lang.reflect.Method.invoke(Method.java:568) ~[na:na]
?[0m?[0;34m	at org.gradle.internal.dispatch.ReflectionDispatch.dispatch(ReflectionDispatch.java:36) ~[na:na]
?[0m?[0;34m	at org.gradle.internal.dispatch.ReflectionDispatch.dispatch(ReflectionDispatch.java:24) ~[na:na]
?[0m?[0;34m	at org.gradle.internal.dispatch.ContextClassLoaderDispatch.dispatch(ContextClassLoaderDispatch.java:33) ~[na:na]
?[0m?[0;34m	at org.gradle.internal.dispatch.ProxyDispatchAdapter$DispatchingInvocationHandler.invoke(ProxyDispatchAdapter.java:94) ~[na:na]
?[0m?[0;34m	at jdk.proxy1/jdk.proxy1.$Proxy2.processTestClass(Unknown Source) ~[na:na]
?[0m?[0;34m	at org.gradle.api.internal.tasks.testing.worker.TestWorker$2.run(TestWorker.java:176) ~[na:na]
?[0m?[0;34m	at org.gradle.api.internal.tasks.testing.worker.TestWorker.executeAndMaintainThreadName(TestWorker.java:129) ~[na:na]
?[0m?[0;34m	at org.gradle.api.internal.tasks.testing.worker.TestWorker.execute(TestWorker.java:100) ~[na:na]
?[0m?[0;34m	at org.gradle.api.internal.tasks.testing.worker.TestWorker.execute(TestWorker.java:60) ~[na:na]
?[0m?[0;34m	at org.gradle.process.internal.worker.child.ActionExecutionWorker.execute(ActionExecutionWorker.java:56) ~[na:na]
?[0m?[0;34m	at org.gradle.process.internal.worker.child.SystemApplicationClassLoaderWorker.call(SystemApplicationClassLoaderWorker.java:113) ~[na:na]
?[0m?[0;34m	at org.gradle.process.internal.worker.child.SystemApplicationClassLoaderWorker.call(SystemApplicationClassLoaderWorker.java:65) ~[na:na]
?[0m?[0;34m	at worker.org.gradle.process.internal.worker.GradleWorkerMain.run(GradleWorkerMain.java:69) ~[gradle-worker.jar:na]
?[0m?[0;34m	at worker.org.gradle.process.internal.worker.GradleWorkerMain.main(GradleWorkerMain.java:74) ~[gradle-worker.jar:na]
?[0m?[0;34m
?[0;34m2023-05-25T06:44:25.642+05:30  WARN 7100 --- [alina-utility-1] .t.u.s.PrivilegedSetAccessControlContext : Unable to set field Thread.inheritedAccessControlContext
?[0m?[0;34m
?[0m?[0;34mjava.lang.IllegalAccessException: class org.apache.tomcat.util.security.PrivilegedSetAccessControlContext cannot access a member of class java.lang.Thread (in module java.base) with modifiers "private"
?[0m?[0;34m	at java.base/jdk.internal.reflect.Reflection.newIllegalAccessException(Reflection.java:392) ~[na:na]
?[0m?[0;34m	at java.base/java.lang.reflect.AccessibleObject.checkAccess(AccessibleObject.java:674) ~[na:na]
?[0m?[0;34m	at java.base/java.lang.reflect.Field.checkAccess(Field.java:1102) ~[na:na]
?[0m?[0;34m	at java.base/java.lang.reflect.Field.set(Field.java:797) ~[na:na]
?[0m?[0;34m	at org.apache.tomcat.util.security.PrivilegedSetAccessControlContext.run(PrivilegedSetAccessControlContext.java:60) ~[tomcat-embed-core-10.1.5.jar:10.1.5]
?[0m?[0;34m	at org.apache.tomcat.util.security.PrivilegedSetAccessControlContext.run(PrivilegedSetAccessControlContext.java:28) ~[tomcat-embed-core-10.1.5.jar:10.1.5]
?[0m?[0;34m	at java.base/java.security.AccessController.doPrivileged(AccessController.java:318) ~[na:na]
?[0m?[0;34m	at org.apache.tomcat.util.threads.TaskThreadFactory.newThread(TaskThreadFactory.java:64) ~[tomcat-embed-core-10.1.5.jar:10.1.5]
?[0m?[0;34m	at java.base/java.util.concurrent.ThreadPoolExecutor$Worker.<init>(ThreadPoolExecutor.java:630) ~[na:na]
?[0m?[0;34m	at java.base/java.util.concurrent.ThreadPoolExecutor.addWorker(ThreadPoolExecutor.java:920) ~[na:na]
?[0m?[0;34m	at java.base/java.util.concurrent.ThreadPoolExecutor.ensurePrestart(ThreadPoolExecutor.java:1593) ~[na:na]
?[0m?[0;34m	at java.base/java.util.concurrent.ScheduledThreadPoolExecutor.delayedExecute(ScheduledThreadPoolExecutor.java:346) ~[na:na]
?[0m?[0;34m	at java.base/java.util.concurrent.ScheduledThreadPoolExecutor.scheduleWithFixedDelay(ScheduledThreadPoolExecutor.java:680) ~[na:na]
?[0m?[0;34m	at org.apache.tomcat.util.threads.ScheduledThreadPoolExecutor.scheduleWithFixedDelay(ScheduledThreadPoolExecutor.java:138) ~[tomcat-embed-core-10.1.5.jar:10.1.5]
?[0m?[0;34m	at org.apache.catalina.core.ContainerBase.threadStart(ContainerBase.java:1291) ~[tomcat-embed-core-10.1.5.jar:10.1.5]
?[0m?[0;34m	at org.apache.catalina.core.ContainerBase$ContainerBackgroundProcessorMonitor.run(ContainerBase.java:1331) ~[tomcat-embed-core-10.1.5.jar:10.1.5]
?[0m?[0;34m	at java.base/java.util.concurrent.Executors$RunnableAdapter.call(Executors.java:539) ~[na:na]
?[0m?[0;34m	at java.base/java.util.concurrent.FutureTask.runAndReset(FutureTask.java:305) ~[na:na]
?[0m?[0;34m	at java.base/java.util.concurrent.ScheduledThreadPoolExecutor$ScheduledFutureTask.run(ScheduledThreadPoolExecutor.java:305) ~[na:na]
?[0m?[0;34m	at java.base/java.util.concurrent.ThreadPoolExecutor.runWorker(ThreadPoolExecutor.java:1136) ~[na:na]
?[0m?[0;34m	at java.base/java.util.concurrent.ThreadPoolExecutor$Worker.run(ThreadPoolExecutor.java:635) ~[na:na]
?[0m?[0;34m	at org.apache.tomcat.util.threads.TaskThread$WrappingRunnable.run(TaskThread.java:61) ~[tomcat-embed-core-10.1.5.jar:10.1.5]
?[0m?[0;34m	at java.base/java.lang.Thread.run(Thread.java:833) ~[na:na]
?[0m?[0;34m
?[0m?[0;34m2023-05-25T06:44:25.782+05:30  INFO 7100 --- [    Test worker] o.hibernate.jpa.internal.util.LogHelper  : HHH000204: Processing PersistenceUnitInfo [name: default]
?[0m?[0;34m2023-05-25T06:44:25.866+05:30  INFO 7100 --- [    Test worker] org.hibernate.Version                    : HHH000412: Hibernate ORM core version 6.1.6.Final
?[0m?[0;34m2023-05-25T06:44:26.102+05:30  WARN 7100 --- [    Test worker] org.hibernate.orm.deprecation            : HHH90000021: Encountered deprecated setting [javax.persistence.sharedCache.mode], use [jakarta.persistence.sharedCache.mode] instead
?[0m?[0;34m2023-05-25T06:44:26.287+05:30  INFO 7100 --- [    Test worker] SQL dialect                              : HHH000400: Using dialect: org.hibernate.dialect.H2Dialect
?[0m?[0;34mHibernate: create table recipe (id integer generated by default as identity, category varchar(255), date varchar(255), description varchar(255), directions varchar(255) array not null, ingredients varchar(255) array not null, name varchar(255), primary key (id))
?[0m?[0;34m2023-05-25T06:44:27.473+05:30  INFO 7100 --- [    Test worker] o.h.e.t.j.p.i.JtaPlatformInitiator       : HHH000490: Using JtaPlatform implementation: [org.hibernate.engine.transaction.jta.platform.internal.NoJtaPlatform]
?[0m?[0;34m2023-05-25T06:44:27.486+05:30  INFO 7100 --- [    Test worker] j.LocalContainerEntityManagerFactoryBean : Initialized JPA EntityManagerFactory for persistence unit 'default'
?[0m?[0;34m2023-05-25T06:44:28.000+05:30  WARN 7100 --- [    Test worker] JpaBaseConfiguration$JpaWebConfiguration : spring.jpa.open-in-view is enabled by default. Therefore, database queries may be performed during view rendering. Explicitly configure spring.jpa.open-in-view to disable this warning
?[0m?[0;34m2023-05-25T06:44:28.715+05:30  INFO 7100 --- [    Test worker] o.s.b.a.e.web.EndpointLinksResolver      : Exposing 14 endpoint(s) beneath base path '/actuator'
?[0m?[0;34m2023-05-25T06:44:28.820+05:30  WARN 7100 --- [    Test worker] .t.u.s.PrivilegedSetAccessControlContext : Unable to set field Thread.inheritedAccessControlContext
?[0m?[0;34m
?[0m?[0;34mjava.lang.IllegalAccessException: class org.apache.tomcat.util.security.PrivilegedSetAccessControlContext cannot access a member of class java.lang.Thread (in module java.base) with modifiers "private"
?[0m?[0;34m	at java.base/jdk.internal.reflect.Reflection.newIllegalAccessException(Reflection.java:392) ~[na:na]
?[0m?[0;34m	at java.base/java.lang.reflect.AccessibleObject.checkAccess(AccessibleObject.java:674) ~[na:na]
?[0m?[0;34m	at java.base/java.lang.reflect.Field.checkAccess(Field.java:1102) ~[na:na]
?[0m?[0;34m	at java.base/java.lang.reflect.Field.set(Field.java:797) ~[na:na]
?[0m?[0;34m	at org.apache.tomcat.util.security.PrivilegedSetAccessControlContext.run(PrivilegedSetAccessControlContext.java:60) ~[tomcat-embed-core-10.1.5.jar:10.1.5]
?[0m?[0;34m	at org.apache.tomcat.util.security.PrivilegedSetAccessControlContext.run(PrivilegedSetAccessControlContext.java:28) ~[tomcat-embed-core-10.1.5.jar:10.1.5]
?[0m?[0;34m	at java.base/java.security.AccessController.doPrivileged(AccessController.java:318) ~[na:na]
?[0m?[0;34m	at org.apache.tomcat.util.threads.TaskThreadFactory.newThread(TaskThreadFactory.java:64) ~[tomcat-embed-core-10.1.5.jar:10.1.5]
?[0m?[0;34m	at org.apache.tomcat.util.threads.ThreadPoolExecutor$Worker.<init>(ThreadPoolExecutor.java:653) ~[tomcat-embed-core-10.1.5.jar:10.1.5]
?[0m?[0;34m	at org.apache.tomcat.util.threads.ThreadPoolExecutor.addWorker(ThreadPoolExecutor.java:957) ~[tomcat-embed-core-10.1.5.jar:10.1.5]
?[0m?[0;34m	at org.apache.tomcat.util.threads.ThreadPoolExecutor.prestartAllCoreThreads(ThreadPoolExecutor.java:1694) ~[tomcat-embed-core-10.1.5.jar:10.1.5]
?[0m?[0;34m	at org.apache.tomcat.util.threads.ThreadPoolExecutor.<init>(ThreadPoolExecutor.java:1370) ~[tomcat-embed-core-10.1.5.jar:10.1.5]
?[0m?[0;34m	at org.apache.tomcat.util.threads.ThreadPoolExecutor.<init>(ThreadPoolExecutor.java:1280) ~[tomcat-embed-core-10.1.5.jar:10.1.5]
?[0m?[0;34m	at org.apache.tomcat.util.net.AbstractEndpoint.createExecutor(AbstractEndpoint.java:948) ~[tomcat-embed-core-10.1.5.jar:10.1.5]
?[0m?[0;34m	at org.apache.tomcat.util.net.NioEndpoint.startInternal(NioEndpoint.java:279) ~[tomcat-embed-core-10.1.5.jar:10.1.5]
?[0m?[0;34m	at org.apache.tomcat.util.net.AbstractEndpoint.start(AbstractEndpoint.java:1261) ~[tomcat-embed-core-10.1.5.jar:10.1.5]
?[0m?[0;34m	at org.apache.coyote.AbstractProtocol.start(AbstractProtocol.java:586) ~[tomcat-embed-core-10.1.5.jar:10.1.5]
?[0m?[0;34m	at org.apache.catalina.connector.Connector.startInternal(Connector.java:1081) ~[tomcat-embed-core-10.1.5.jar:10.1.5]
?[0m?[0;34m	at org.apache.catalina.util.LifecycleBase.start(LifecycleBase.java:183) ~[tomcat-embed-core-10.1.5.jar:10.1.5]
?[0m?[0;34m	at org.apache.catalina.core.StandardService.addConnector(StandardService.java:234) ~[tomcat-embed-core-10.1.5.jar:10.1.5]
?[0m?[0;34m	at org.springframework.boot.web.embedded.tomcat.TomcatWebServer.addPreviouslyRemovedConnectors(TomcatWebServer.java:282) ~[spring-boot-3.0.2.jar:3.0.2]
?[0m?[0;34m	at org.springframework.boot.web.embedded.tomcat.TomcatWebServer.start(TomcatWebServer.java:213) ~[spring-boot-3.0.2.jar:3.0.2]
?[0m?[0;34m	at org.springframework.boot.web.servlet.context.WebServerStartStopLifecycle.start(WebServerStartStopLifecycle.java:44) ~[spring-boot-3.0.2.jar:3.0.2]
?[0m?[0;34m	at org.springframework.context.support.DefaultLifecycleProcessor.doStart(DefaultLifecycleProcessor.java:178) ~[spring-context-6.0.4.jar:6.0.4]
?[0m?[0;34m	at org.springframework.context.support.DefaultLifecycleProcessor$LifecycleGroup.start(DefaultLifecycleProcessor.java:356) ~[spring-context-6.0.4.jar:6.0.4]
?[0m?[0;34m	at java.base/java.lang.Iterable.forEach(Iterable.java:75) ~[na:na]
?[0m?[0;34m	at org.springframework.context.support.DefaultLifecycleProcessor.startBeans(DefaultLifecycleProcessor.java:155) ~[spring-context-6.0.4.jar:6.0.4]
?[0m?[0;34m	at org.springframework.context.support.DefaultLifecycleProcessor.onRefresh(DefaultLifecycleProcessor.java:123) ~[spring-context-6.0.4.jar:6.0.4]
?[0m?[0;34m	at org.springframework.context.support.AbstractApplicationContext.finishRefresh(AbstractApplicationContext.java:932) ~[spring-context-6.0.4.jar:6.0.4]
?[0m?[0;34m	at org.springframework.context.support.AbstractApplicationContext.refresh(AbstractApplicationContext.java:587) ~[spring-context-6.0.4.jar:6.0.4]
?[0m?[0;34m	at org.springframework.boot.web.servlet.context.ServletWebServerApplicationContext.refresh(ServletWebServerApplicationContext.java:146) ~[spring-boot-3.0.2.jar:3.0.2]
?[0m?[0;34m	at org.springframework.boot.SpringApplication.refresh(SpringApplication.java:730) ~[spring-boot-3.0.2.jar:3.0.2]
?[0m?[0;34m	at org.springframework.boot.SpringApplication.refreshContext(SpringApplication.java:432) ~[spring-boot-3.0.2.jar:3.0.2]
?[0m?[0;34m	at org.springframework.boot.SpringApplication.run(SpringApplication.java:308) ~[spring-boot-3.0.2.jar:3.0.2]
?[0m?[0;34m	at org.springframework.boot.SpringApplication.run(SpringApplication.java:1302) ~[spring-boot-3.0.2.jar:3.0.2]
?[0m?[0;34m	at org.springframework.boot.SpringApplication.run(SpringApplication.java:1291) ~[spring-boot-3.0.2.jar:3.0.2]
?[0m?[0;34m	at recipes.RecipesApplication.main(RecipesApplication.java:9) ~[main/:na]
?[0m?[0;34m	at java.base/jdk.internal.reflect.NativeMethodAccessorImpl.invoke0(Native Method) ~[na:na]
?[0m?[0;34m	at java.base/jdk.internal.reflect.NativeMethodAccessorImpl.invoke(NativeMethodAccessorImpl.java:77) ~[na:na]
?[0m?[0;34m	at java.base/jdk.internal.reflect.DelegatingMethodAccessorImpl.invoke(DelegatingMethodAccessorImpl.java:43) ~[na:na]
?[0m?[0;34m	at java.base/java.lang.reflect.Method.invoke(Method.java:568) ~[na:na]
?[0m?[0;34m	at org.hyperskill.hstest.stage.SpringTest.startSpring(SpringTest.java:187) ~[hs-test-release-SNAPSHOT.jar:na]
?[0m?[0;34m	at org.hyperskill.hstest.stage.SpringTest.launchSpring(SpringTest.java:49) ~[hs-test-release-SNAPSHOT.jar:na]
?[0m?[0;34m	at org.hyperskill.hstest.testing.runner.SpringApplicationRunner.launchSpringBootApplication(SpringApplicationRunner.java:20) ~[hs-test-release-SNAPSHOT.jar:na]
?[0m?[0;34m	at org.hyperskill.hstest.testing.runner.SpringApplicationRunner.setUp(SpringApplicationRunner.java:35) ~[hs-test-release-SNAPSHOT.jar:na]
?[0m?[0;34m	at org.hyperskill.hstest.testing.TestRun.setUp(TestRun.java:77) ~[hs-test-release-SNAPSHOT.jar:na]
?[0m?[0;34m	at org.hyperskill.hstest.stage.StageTest.start(StageTest.java:159) ~[hs-test-release-SNAPSHOT.jar:na]
?[0m?[0;34m	at java.base/jdk.internal.reflect.NativeMethodAccessorImpl.invoke0(Native Method) ~[na:na]
?[0m?[0;34m	at java.base/jdk.internal.reflect.NativeMethodAccessorImpl.invoke(NativeMethodAccessorImpl.java:77) ~[na:na]
?[0m?[0;34m	at java.base/jdk.internal.reflect.DelegatingMethodAccessorImpl.invoke(DelegatingMethodAccessorImpl.java:43) ~[na:na]
?[0m?[0;34m	at java.base/java.lang.reflect.Method.invoke(Method.java:568) ~[na:na]
?[0m?[0;34m	at org.junit.runners.model.FrameworkMethod$1.runReflectiveCall(FrameworkMethod.java:59) ~[junit-4.13.2.jar:4.13.2]
?[0m?[0;34m	at org.junit.internal.runners.model.ReflectiveCallable.run(ReflectiveCallable.java:12) ~[junit-4.13.2.jar:4.13.2]
?[0m?[0;34m	at org.junit.runners.model.FrameworkMethod.invokeExplosively(FrameworkMethod.java:56) ~[junit-4.13.2.jar:4.13.2]
?[0m?[0;34m	at org.junit.internal.runners.statements.InvokeMethod.evaluate(InvokeMethod.java:17) ~[junit-4.13.2.jar:4.13.2]
?[0m?[0;34m	at org.junit.internal.runners.statements.RunAfters.evaluate(RunAfters.java:27) ~[junit-4.13.2.jar:4.13.2]
?[0m?[0;34m	at org.junit.runners.ParentRunner$3.evaluate(ParentRunner.java:306) ~[junit-4.13.2.jar:4.13.2]
?[0m?[0;34m	at org.junit.runners.BlockJUnit4ClassRunner$1.evaluate(BlockJUnit4ClassRunner.java:100) ~[junit-4.13.2.jar:4.13.2]
?[0m?[0;34m	at org.junit.runners.ParentRunner.runLeaf(ParentRunner.java:366) ~[junit-4.13.2.jar:4.13.2]
?[0m?[0;34m	at org.junit.runners.BlockJUnit4ClassRunner.runChild(BlockJUnit4ClassRunner.java:103) ~[junit-4.13.2.jar:4.13.2]
?[0m?[0;34m	at org.junit.runners.BlockJUnit4ClassRunner.runChild(BlockJUnit4ClassRunner.java:63) ~[junit-4.13.2.jar:4.13.2]
?[0m?[0;34m	at org.junit.runners.ParentRunner$4.run(ParentRunner.java:331) ~[junit-4.13.2.jar:4.13.2]
?[0m?[0;34m	at org.junit.runners.ParentRunner$1.schedule(ParentRunner.java:79) ~[junit-4.13.2.jar:4.13.2]
?[0m?[0;34m	at org.junit.runners.ParentRunner.runChildren(ParentRunner.java:329) ~[junit-4.13.2.jar:4.13.2]
?[0m?[0;34m	at org.junit.runners.ParentRunner.access$100(ParentRunner.java:66) ~[junit-4.13.2.jar:4.13.2]
?[0m?[0;34m	at org.junit.runners.ParentRunner$2.evaluate(ParentRunner.java:293) ~[junit-4.13.2.jar:4.13.2]
?[0m?[0;34m	at org.junit.runners.ParentRunner$3.evaluate(ParentRunner.java:306) ~[junit-4.13.2.jar:4.13.2]
?[0m?[0;34m	at org.junit.runners.ParentRunner.run(ParentRunner.java:413) ~[junit-4.13.2.jar:4.13.2]
?[0m?[0;34m	at org.gradle.api.internal.tasks.testing.junit.JUnitTestClassExecutor.runTestClass(JUnitTestClassExecutor.java:108) ~[na:na]
?[0m?[0;34m	at org.gradle.api.internal.tasks.testing.junit.JUnitTestClassExecutor.execute(JUnitTestClassExecutor.java:57) ~[na:na]
?[0m?[0;34m	at org.gradle.api.internal.tasks.testing.junit.JUnitTestClassExecutor.execute(JUnitTestClassExecutor.java:39) ~[na:na]
?[0m?[0;34m	at org.gradle.api.internal.tasks.testing.junit.AbstractJUnitTestClassProcessor.processTestClass(AbstractJUnitTestClassProcessor.java:62) ~[na:na]
?[0m?[0;34m	at org.gradle.api.internal.tasks.testing.SuiteTestClassProcessor.processTestClass(SuiteTestClassProcessor.java:52) ~[na:na]
?[0m?[0;34m	at java.base/jdk.internal.reflect.NativeMethodAccessorImpl.invoke0(Native Method) ~[na:na]
?[0m?[0;34m	at java.base/jdk.internal.reflect.NativeMethodAccessorImpl.invoke(NativeMethodAccessorImpl.java:77) ~[na:na]
?[0m?[0;34m	at java.base/jdk.internal.reflect.DelegatingMethodAccessorImpl.invoke(DelegatingMethodAccessorImpl.java:43) ~[na:na]
?[0m?[0;34m	at java.base/java.lang.reflect.Method.invoke(Method.java:568) ~[na:na]
?[0m?[0;34m	at org.gradle.internal.dispatch.ReflectionDispatch.dispatch(ReflectionDispatch.java:36) ~[na:na]
?[0m?[0;34m	at org.gradle.internal.dispatch.ReflectionDispatch.dispatch(ReflectionDispatch.java:24) ~[na:na]
?[0m?[0;34m	at org.gradle.internal.dispatch.ContextClassLoaderDispatch.dispatch(ContextClassLoaderDispatch.java:33) ~[na:na]
?[0m?[0;34m	at org.gradle.internal.dispatch.ProxyDispatchAdapter$DispatchingInvocationHandler.invoke(ProxyDispatchAdapter.java:94) ~[na:na]
?[0m?[0;34m	at jdk.proxy1/jdk.proxy1.$Proxy2.processTestClass(Unknown Source) ~[na:na]
?[0m?[0;34m	at org.gradle.api.internal.tasks.testing.worker.TestWorker$2.run(TestWorker.java:176) ~[na:na]
?[0m?[0;34m	at org.gradle.api.internal.tasks.testing.worker.TestWorker.executeAndMaintainThreadName(TestWorker.java:129) ~[na:na]
?[0m?[0;34m	at org.gradle.api.internal.tasks.testing.worker.TestWorker.execute(TestWorker.java:100) ~[na:na]
?[0m?[0;34m	at org.gradle.api.internal.tasks.testing.worker.TestWorker.execute(TestWorker.java:60) ~[na:na]
?[0m?[0;34m	at org.gradle.process.internal.worker.child.ActionExecutionWorker.execute(ActionExecutionWorker.java:56) ~[na:na]
?[0m?[0;34m	at org.gradle.process.internal.worker.child.SystemApplicationClassLoaderWorker.call(SystemApplicationClassLoaderWorker.java:113) ~[na:na]
?[0m?[0;34m	at org.gradle.process.internal.worker.child.SystemApplicationClassLoaderWorker.call(SystemApplicationClassLoaderWorker.java:65) ~[na:na]
?[0m?[0;34m	at worker.org.gradle.process.internal.worker.GradleWorkerMain.run(GradleWorkerMain.java:69) ~[gradle-worker.jar:na]
?[0m?[0;34m	at worker.org.gradle.process.internal.worker.GradleWorkerMain.main(GradleWorkerMain.java:74) ~[gradle-worker.jar:na]
?[0m?[0;34m
?[0m?[0;34m2023-05-25T06:44:28.836+05:30  WARN 7100 --- [    Test worker] .t.u.s.PrivilegedSetAccessControlContext : Unable to set field Thread.inheritedAccessControlContext
?[0m?[0;34m
?[0m?[0;34mjava.lang.IllegalAccessException: class org.apache.tomcat.util.security.PrivilegedSetAccessControlContext cannot access a member of class java.lang.Thread (in module java.base) with modifiers "private"
?[0m?[0;34m	at java.base/jdk.internal.reflect.Reflection.newIllegalAccessException(Reflection.java:392) ~[na:na]
?[0m?[0;34m	at java.base/java.lang.reflect.AccessibleObject.checkAccess(AccessibleObject.java:674) ~[na:na]
?[0m?[0;34m	at java.base/java.lang.reflect.Field.checkAccess(Field.java:1102) ~[na:na]
?[0m?[0;34m	at java.base/java.lang.reflect.Field.set(Field.java:797) ~[na:na]
?[0m?[0;34m	at org.apache.tomcat.util.security.PrivilegedSetAccessControlContext.run(PrivilegedSetAccessControlContext.java:60) ~[tomcat-embed-core-10.1.5.jar:10.1.5]
?[0m?[0;34m	at org.apache.tomcat.util.security.PrivilegedSetAccessControlContext.run(PrivilegedSetAccessControlContext.java:28) ~[tomcat-embed-core-10.1.5.jar:10.1.5]
?[0m?[0;34m	at java.base/java.security.AccessController.doPrivileged(AccessController.java:318) ~[na:na]
?[0m?[0;34m	at org.apache.tomcat.util.threads.TaskThreadFactory.newThread(TaskThreadFactory.java:64) ~[tomcat-embed-core-10.1.5.jar:10.1.5]
?[0m?[0;34m	at org.apache.tomcat.util.threads.ThreadPoolExecutor$Worker.<init>(ThreadPoolExecutor.java:653) ~[tomcat-embed-core-10.1.5.jar:10.1.5]
?[0m?[0;34m	at org.apache.tomcat.util.threads.ThreadPoolExecutor.addWorker(ThreadPoolExecutor.java:957) ~[tomcat-embed-core-10.1.5.jar:10.1.5]
?[0m?[0;34m	at org.apache.tomcat.util.threads.ThreadPoolExecutor.prestartAllCoreThreads(ThreadPoolExecutor.java:1694) ~[tomcat-embed-core-10.1.5.jar:10.1.5]
?[0m?[0;34m	at org.apache.tomcat.util.threads.ThreadPoolExecutor.<init>(ThreadPoolExecutor.java:1370) ~[tomcat-embed-core-10.1.5.jar:10.1.5]
?[0m?[0;34m	at org.apache.tomcat.util.threads.ThreadPoolExecutor.<init>(ThreadPoolExecutor.java:1280) ~[tomcat-embed-core-10.1.5.jar:10.1.5]
?[0m?[0;34m	at org.apache.tomcat.util.net.AbstractEndpoint.createExecutor(AbstractEndpoint.java:948) ~[tomcat-embed-core-10.1.5.jar:10.1.5]
?[0m?[0;34m	at org.apache.tomcat.util.net.NioEndpoint.startInternal(NioEndpoint.java:279) ~[tomcat-embed-core-10.1.5.jar:10.1.5]
?[0m?[0;34m	at org.apache.tomcat.util.net.AbstractEndpoint.start(AbstractEndpoint.java:1261) ~[tomcat-embed-core-10.1.5.jar:10.1.5]
?[0m?[0;34m	at org.apache.coyote.AbstractProtocol.start(AbstractProtocol.java:586) ~[tomcat-embed-core-10.1.5.jar:10.1.5]
?[0m?[0;34m	at org.apache.catalina.connector.Connector.startInternal(Connector.java:1081) ~[tomcat-embed-core-10.1.5.jar:10.1.5]
?[0m?[0;34m	at org.apache.catalina.util.LifecycleBase.start(LifecycleBase.java:183) ~[tomcat-embed-core-10.1.5.jar:10.1.5]
?[0m?[0;34m	at org.apache.catalina.core.StandardService.addConnector(StandardService.java:234) ~[tomcat-embed-core-10.1.5.jar:10.1.5]
?[0m?[0;34m	at org.springframework.boot.web.embedded.tomcat.TomcatWebServer.addPreviouslyRemovedConnectors(TomcatWebServer.java:282) ~[spring-boot-3.0.2.jar:3.0.2]
?[0m?[0;34m	at org.springframework.boot.web.embedded.tomcat.TomcatWebServer.start(TomcatWebServer.java:213) ~[spring-boot-3.0.2.jar:3.0.2]
?[0m?[0;34m	at org.springframework.boot.web.servlet.context.WebServerStartStopLifecycle.start(WebServerStartStopLifecycle.java:44) ~[spring-boot-3.0.2.jar:3.0.2]
?[0m?[0;34m	at org.springframework.context.support.DefaultLifecycleProcessor.doStart(DefaultLifecycleProcessor.java:178) ~[spring-context-6.0.4.jar:6.0.4]
?[0m?[0;34m	at org.springframework.context.support.DefaultLifecycleProcessor$LifecycleGroup.start(DefaultLifecycleProcessor.java:356) ~[spring-context-6.0.4.jar:6.0.4]
?[0m?[0;34m	at java.base/java.lang.Iterable.forEach(Iterable.java:75) ~[na:na]
?[0m?[0;34m	at org.springframework.context.support.DefaultLifecycleProcessor.startBeans(DefaultLifecycleProcessor.java:155) ~[spring-context-6.0.4.jar:6.0.4]
?[0m?[0;34m	at org.springframework.context.support.DefaultLifecycleProcessor.onRefresh(DefaultLifecycleProcessor.java:123) ~[spring-context-6.0.4.jar:6.0.4]
?[0m?[0;34m	at org.springframework.context.support.AbstractApplicationContext.finishRefresh(AbstractApplicationContext.java:932) ~[spring-context-6.0.4.jar:6.0.4]
?[0m?[0;34m	at org.springframework.context.support.AbstractApplicationContext.refresh(AbstractApplicationContext.java:587) ~[spring-context-6.0.4.jar:6.0.4]
?[0m?[0;34m	at org.springframework.boot.web.servlet.context.ServletWebServerApplicationContext.refresh(ServletWebServerApplicationContext.java:146) ~[spring-boot-3.0.2.jar:3.0.2]
?[0m?[0;34m	at org.springframework.boot.SpringApplication.refresh(SpringApplication.java:730) ~[spring-boot-3.0.2.jar:3.0.2]
?[0m?[0;34m	at org.springframework.boot.SpringApplication.refreshContext(SpringApplication.java:432) ~[spring-boot-3.0.2.jar:3.0.2]
?[0m?[0;34m	at org.springframework.boot.SpringApplication.run(SpringApplication.java:308) ~[spring-boot-3.0.2.jar:3.0.2]
?[0m?[0;34m	at org.springframework.boot.SpringApplication.run(SpringApplication.java:1302) ~[spring-boot-3.0.2.jar:3.0.2]
?[0m?[0;34m	at org.springframework.boot.SpringApplication.run(SpringApplication.java:1291) ~[spring-boot-3.0.2.jar:3.0.2]
?[0m?[0;34m	at recipes.RecipesApplication.main(RecipesApplication.java:9) ~[main/:na]
?[0m?[0;34m	at java.base/jdk.internal.reflect.NativeMethodAccessorImpl.invoke0(Native Method) ~[na:na]
?[0m?[0;34m	at java.base/jdk.internal.reflect.NativeMethodAccessorImpl.invoke(NativeMethodAccessorImpl.java:77) ~[na:na]
?[0m?[0;34m	at java.base/jdk.internal.reflect.DelegatingMethodAccessorImpl.invoke(DelegatingMethodAccessorImpl.java:43) ~[na:na]
?[0m?[0;34m	at java.base/java.lang.reflect.Method.invoke(Method.java:568) ~[na:na]
?[0m?[0;34m	at org.hyperskill.hstest.stage.SpringTest.startSpring(SpringTest.java:187) ~[hs-test-release-SNAPSHOT.jar:na]
?[0m?[0;34m	at org.hyperskill.hstest.stage.SpringTest.launchSpring(SpringTest.java:49) ~[hs-test-release-SNAPSHOT.jar:na]
?[0m?[0;34m	at org.hyperskill.hstest.testing.runner.SpringApplicationRunner.launchSpringBootApplication(SpringApplicationRunner.java:20) ~[hs-test-release-SNAPSHOT.jar:na]
?[0m?[0;34m	at org.hyperskill.hstest.testing.runner.SpringApplicationRunner.setUp(SpringApplicationRunner.java:35) ~[hs-test-release-SNAPSHOT.jar:na]
?[0m?[0;34m	at org.hyperskill.hstest.testing.TestRun.setUp(TestRun.java:77) ~[hs-test-release-SNAPSHOT.jar:na]
?[0m?[0;34m	at org.hyperskill.hstest.stage.StageTest.start(StageTest.java:159) ~[hs-test-release-SNAPSHOT.jar:na]
?[0m?[0;34m	at java.base/jdk.internal.reflect.NativeMethodAccessorImpl.invoke0(Native Method) ~[na:na]
?[0m?[0;34m	at java.base/jdk.internal.reflect.NativeMethodAccessorImpl.invoke(NativeMethodAccessorImpl.java:77) ~[na:na]
?[0m?[0;34m	at java.base/jdk.internal.reflect.DelegatingMethodAccessorImpl.invoke(DelegatingMethodAccessorImpl.java:43) ~[na:na]
?[0m?[0;34m	at java.base/java.lang.reflect.Method.invoke(Method.java:568) ~[na:na]
?[0m?[0;34m	at org.junit.runners.model.FrameworkMethod$1.runReflectiveCall(FrameworkMethod.java:59) ~[junit-4.13.2.jar:4.13.2]
?[0m?[0;34m	at org.junit.internal.runners.model.ReflectiveCallable.run(ReflectiveCallable.java:12) ~[junit-4.13.2.jar:4.13.2]
?[0m?[0;34m	at org.junit.runners.model.FrameworkMethod.invokeExplosively(FrameworkMethod.java:56) ~[junit-4.13.2.jar:4.13.2]
?[0m?[0;34m	at org.junit.internal.runners.statements.InvokeMethod.evaluate(InvokeMethod.java:17) ~[junit-4.13.2.jar:4.13.2]
?[0m?[0;34m	at org.junit.internal.runners.statements.RunAfters.evaluate(RunAfters.java:27) ~[junit-4.13.2.jar:4.13.2]
?[0m?[0;34m	at org.junit.runners.ParentRunner$3.evaluate(ParentRunner.java:306) ~[junit-4.13.2.jar:4.13.2]
?[0m?[0;34m	at org.junit.runners.BlockJUnit4ClassRunner$1.evaluate(BlockJUnit4ClassRunner.java:100) ~[junit-4.13.2.jar:4.13.2]
?[0m?[0;34m	at org.junit.runners.ParentRunner.runLeaf(ParentRunner.java:366) ~[junit-4.13.2.jar:4.13.2]
?[0m?[0;34m	at org.junit.runners.BlockJUnit4ClassRunner.runChild(BlockJUnit4ClassRunner.java:103) ~[junit-4.13.2.jar:4.13.2]
?[0m?[0;34m	at org.junit.runners.BlockJUnit4ClassRunner.runChild(BlockJUnit4ClassRunner.java:63) ~[junit-4.13.2.jar:4.13.2]
?[0m?[0;34m	at org.junit.runners.ParentRunner$4.run(ParentRunner.java:331) ~[junit-4.13.2.jar:4.13.2]
?[0m?[0;34m	at org.junit.runners.ParentRunner$1.schedule(ParentRunner.java:79) ~[junit-4.13.2.jar:4.13.2]
?[0m?[0;34m	at org.junit.runners.ParentRunner.runChildren(ParentRunner.java:329) ~[junit-4.13.2.jar:4.13.2]
?[0m?[0;34m	at org.junit.runners.ParentRunner.access$100(ParentRunner.java:66) ~[junit-4.13.2.jar:4.13.2]
?[0m?[0;34m	at org.junit.runners.ParentRunner$2.evaluate(ParentRunner.java:293) ~[junit-4.13.2.jar:4.13.2]
?[0m?[0;34m	at org.junit.runners.ParentRunner$3.evaluate(ParentRunner.java:306) ~[junit-4.13.2.jar:4.13.2]
?[0m?[0;34m	at org.junit.runners.ParentRunner.run(ParentRunner.java:413) ~[junit-4.13.2.jar:4.13.2]
?[0m?[0;34m	at org.gradle.api.internal.tasks.testing.junit.JUnitTestClassExecutor.runTestClass(JUnitTestClassExecutor.java:108) ~[na:na]
?[0m?[0;34m	at org.gradle.api.internal.tasks.testing.junit.JUnitTestClassExecutor.execute(JUnitTestClassExecutor.java:57) ~[na:na]
?[0m?[0;34m	at org.gradle.api.internal.tasks.testing.junit.JUnitTestClassExecutor.execute(JUnitTestClassExecutor.java:39) ~[na:na]
?[0m?[0;34m	at org.gradle.api.internal.tasks.testing.junit.AbstractJUnitTestClassProcessor.processTestClass(AbstractJUnitTestClassProcessor.java:62) ~[na:na]
?[0m?[0;34m	at org.gradle.api.internal.tasks.testing.SuiteTestClassProcessor.processTestClass(SuiteTestClassProcessor.java:52) ~[na:na]
?[0m?[0;34m	at java.base/jdk.internal.reflect.NativeMethodAccessorImpl.invoke0(Native Method) ~[na:na]
?[0m?[0;34m	at java.base/jdk.internal.reflect.NativeMethodAccessorImpl.invoke(NativeMethodAccessorImpl.java:77) ~[na:na]
?[0m?[0;34m	at java.base/jdk.internal.reflect.DelegatingMethodAccessorImpl.invoke(DelegatingMethodAccessorImpl.java:43) ~[na:na]
?[0m?[0;34m	at java.base/java.lang.reflect.Method.invoke(Method.java:568) ~[na:na]
?[0m?[0;34m	at org.gradle.internal.dispatch.ReflectionDispatch.dispatch(ReflectionDispatch.java:36) ~[na:na]
?[0m?[0;34m	at org.gradle.internal.dispatch.ReflectionDispatch.dispatch(ReflectionDispatch.java:24) ~[na:na]
?[0m?[0;34m	at org.gradle.internal.dispatch.ContextClassLoaderDispatch.dispatch(ContextClassLoaderDispatch.java:33) ~[na:na]
?[0m?[0;34m	at org.gradle.internal.dispatch.ProxyDispatchAdapter$DispatchingInvocationHandler.invoke(ProxyDispatchAdapter.java:94) ~[na:na]
?[0m?[0;34m	at jdk.proxy1/jdk.proxy1.$Proxy2.processTestClass(Unknown Source) ~[na:na]
?[0m?[0;34m	at org.gradle.api.internal.tasks.testing.worker.TestWorker$2.run(TestWorker.java:176) ~[na:na]
?[0m?[0;34m	at org.gradle.api.internal.tasks.testing.worker.TestWorker.executeAndMaintainThreadName(TestWorker.java:129) ~[na:na]
?[0m?[0;34m	at org.gradle.api.internal.tasks.testing.worker.TestWorker.execute(TestWorker.java:100) ~[na:na]
?[0m?[0;34m	at org.gradle.api.internal.tasks.testing.worker.TestWorker.execute(TestWorker.java:60) ~[na:na]
?[0m?[0;34m	at org.gradle.process.internal.worker.child.ActionExecutionWorker.execute(ActionExecutionWorker.java:56) ~[na:na]
?[0m?[0;34m	at org.gradle.process.internal.worker.child.SystemApplicationClassLoaderWorker.call(SystemApplicationClassLoaderWorker.java:113) ~[na:na]
?[0m?[0;34m	at org.gradle.process.internal.worker.child.SystemApplicationClassLoaderWorker.call(SystemApplicationClassLoaderWorker.java:65) ~[na:na]
?[0m?[0;34m	at worker.org.gradle.process.internal.worker.GradleWorkerMain.run(GradleWorkerMain.java:69) ~[gradle-worker.jar:na]
?[0m?[0;34m	at worker.org.gradle.process.internal.worker.GradleWorkerMain.main(GradleWorkerMain.java:74) ~[gradle-worker.jar:na]
?[0m?[0;34m
?[0m?[0;34m2023-05-25T06:44:28.850+05:30  WARN 7100 --- [    Test worker] .t.u.s.PrivilegedSetAccessControlContext : Unable to set field Thread.inheritedAccessControlContext
?[0m?[0;34m
?[0m?[0;34mjava.lang.IllegalAccessException: class org.apache.tomcat.util.security.PrivilegedSetAccessControlContext cannot access a member of class java.lang.Thread (in module java.base) with modifiers "private"
?[0m?[0;34m	at java.base/jdk.internal.reflect.Reflection.newIllegalAccessException(Reflection.java:392) ~[na:na]
?[0m?[0;34m	at java.base/java.lang.reflect.AccessibleObject.checkAccess(AccessibleObject.java:674) ~[na:na]
?[0m?[0;34m	at java.base/java.lang.reflect.Field.checkAccess(Field.java:1102) ~[na:na]
?[0m?[0;34m	at java.base/java.lang.reflect.Field.set(Field.java:797) ~[na:na]
?[0m?[0;34m	at org.apache.tomcat.util.security.PrivilegedSetAccessControlContext.run(PrivilegedSetAccessControlContext.java:60) ~[tomcat-embed-core-10.1.5.jar:10.1.5]
?[0m?[0;34m	at org.apache.tomcat.util.security.PrivilegedSetAccessControlContext.run(PrivilegedSetAccessControlContext.java:28) ~[tomcat-embed-core-10.1.5.jar:10.1.5]
?[0m?[0;34m	at java.base/java.security.AccessController.doPrivileged(AccessController.java:318) ~[na:na]
?[0m?[0;34m	at org.apache.tomcat.util.threads.TaskThreadFactory.newThread(TaskThreadFactory.java:64) ~[tomcat-embed-core-10.1.5.jar:10.1.5]
?[0m?[0;34m	at org.apache.tomcat.util.threads.ThreadPoolExecutor$Worker.<init>(ThreadPoolExecutor.java:653) ~[tomcat-embed-core-10.1.5.jar:10.1.5]
?[0m?[0;34m	at org.apache.tomcat.util.threads.ThreadPoolExecutor.addWorker(ThreadPoolExecutor.java:957) ~[tomcat-embed-core-10.1.5.jar:10.1.5]
?[0m?[0;34m	at org.apache.tomcat.util.threads.ThreadPoolExecutor.prestartAllCoreThreads(ThreadPoolExecutor.java:1694) ~[tomcat-embed-core-10.1.5.jar:10.1.5]
?[0m?[0;34m	at org.apache.tomcat.util.threads.ThreadPoolExecutor.<init>(ThreadPoolExecutor.java:1370) ~[tomcat-embed-core-10.1.5.jar:10.1.5]
?[0m?[0;34m	at org.apache.tomcat.util.threads.ThreadPoolExecutor.<init>(ThreadPoolExecutor.java:1280) ~[tomcat-embed-core-10.1.5.jar:10.1.5]
?[0m?[0;34m	at org.apache.tomcat.util.net.AbstractEndpoint.createExecutor(AbstractEndpoint.java:948) ~[tomcat-embed-core-10.1.5.jar:10.1.5]
?[0m?[0;34m	at org.apache.tomcat.util.net.NioEndpoint.startInternal(NioEndpoint.java:279) ~[tomcat-embed-core-10.1.5.jar:10.1.5]
?[0m?[0;34m	at org.apache.tomcat.util.net.AbstractEndpoint.start(AbstractEndpoint.java:1261) ~[tomcat-embed-core-10.1.5.jar:10.1.5]
?[0m?[0;34m	at org.apache.coyote.AbstractProtocol.start(AbstractProtocol.java:586) ~[tomcat-embed-core-10.1.5.jar:10.1.5]
?[0m?[0;34m	at org.apache.catalina.connector.Connector.startInternal(Connector.java:1081) ~[tomcat-embed-core-10.1.5.jar:10.1.5]
?[0m?[0;34m	at org.apache.catalina.util.LifecycleBase.start(LifecycleBase.java:183) ~[tomcat-embed-core-10.1.5.jar:10.1.5]
?[0m?[0;34m	at org.apache.catalina.core.StandardService.addConnector(StandardService.java:234) ~[tomcat-embed-core-10.1.5.jar:10.1.5]
?[0m?[0;34m	at org.springframework.boot.web.embedded.tomcat.TomcatWebServer.addPreviouslyRemovedConnectors(TomcatWebServer.java:282) ~[spring-boot-3.0.2.jar:3.0.2]
?[0m?[0;34m	at org.springframework.boot.web.embedded.tomcat.TomcatWebServer.start(TomcatWebServer.java:213) ~[spring-boot-3.0.2.jar:3.0.2]
?[0m?[0;34m	at org.springframework.boot.web.servlet.context.WebServerStartStopLifecycle.start(WebServerStartStopLifecycle.java:44) ~[spring-boot-3.0.2.jar:3.0.2]
?[0m?[0;34m	at org.springframework.context.support.DefaultLifecycleProcessor.doStart(DefaultLifecycleProcessor.java:178) ~[spring-context-6.0.4.jar:6.0.4]
?[0m?[0;34m	at org.springframework.context.support.DefaultLifecycleProcessor$LifecycleGroup.start(DefaultLifecycleProcessor.java:356) ~[spring-context-6.0.4.jar:6.0.4]
?[0m?[0;34m	at java.base/java.lang.Iterable.forEach(Iterable.java:75) ~[na:na]
?[0m?[0;34m	at org.springframework.context.support.DefaultLifecycleProcessor.startBeans(DefaultLifecycleProcessor.java:155) ~[spring-context-6.0.4.jar:6.0.4]
?[0m?[0;34m	at org.springframework.context.support.DefaultLifecycleProcessor.onRefresh(DefaultLifecycleProcessor.java:123) ~[spring-context-6.0.4.jar:6.0.4]
?[0m?[0;34m	at org.springframework.context.support.AbstractApplicationContext.finishRefresh(AbstractApplicationContext.java:932) ~[spring-context-6.0.4.jar:6.0.4]
?[0m?[0;34m	at org.springframework.context.support.AbstractApplicationContext.refresh(AbstractApplicationContext.java:587) ~[spring-context-6.0.4.jar:6.0.4]
?[0m?[0;34m	at org.springframework.boot.web.servlet.context.ServletWebServerApplicationContext.refresh(ServletWebServerApplicationContext.java:146) ~[spring-boot-3.0.2.jar:3.0.2]
?[0m?[0;34m	at org.springframework.boot.SpringApplication.refresh(SpringApplication.java:730) ~[spring-boot-3.0.2.jar:3.0.2]
?[0m?[0;34m	at org.springframework.boot.SpringApplication.refreshContext(SpringApplication.java:432) ~[spring-boot-3.0.2.jar:3.0.2]
?[0m?[0;34m	at org.springframework.boot.SpringApplication.run(SpringApplication.java:308) ~[spring-boot-3.0.2.jar:3.0.2]
?[0m?[0;34m	at org.springframework.boot.SpringApplication.run(SpringApplication.java:1302) ~[spring-boot-3.0.2.jar:3.0.2]
?[0m?[0;34m	at org.springframework.boot.SpringApplication.run(SpringApplication.java:1291) ~[spring-boot-3.0.2.jar:3.0.2]
?[0m?[0;34m	at recipes.RecipesApplication.main(RecipesApplication.java:9) ~[main/:na]
?[0m?[0;34m	at java.base/jdk.internal.reflect.NativeMethodAccessorImpl.invoke0(Native Method) ~[na:na]
?[0m?[0;34m	at java.base/jdk.internal.reflect.NativeMethodAccessorImpl.invoke(NativeMethodAccessorImpl.java:77) ~[na:na]
?[0m?[0;34m	at java.base/jdk.internal.reflect.DelegatingMethodAccessorImpl.invoke(DelegatingMethodAccessorImpl.java:43) ~[na:na]
?[0m?[0;34m	at java.base/java.lang.reflect.Method.invoke(Method.java:568) ~[na:na]
?[0m?[0;34m	at org.hyperskill.hstest.stage.SpringTest.startSpring(SpringTest.java:187) ~[hs-test-release-SNAPSHOT.jar:na]
?[0m?[0;34m	at org.hyperskill.hstest.stage.SpringTest.launchSpring(SpringTest.java:49) ~[hs-test-release-SNAPSHOT.jar:na]
?[0m?[0;34m	at org.hyperskill.hstest.testing.runner.SpringApplicationRunner.launchSpringBootApplication(SpringApplicationRunner.java:20) ~[hs-test-release-SNAPSHOT.jar:na]
?[0m?[0;34m	at org.hyperskill.hstest.testing.runner.SpringApplicationRunner.setUp(SpringApplicationRunner.java:35) ~[hs-test-release-SNAPSHOT.jar:na]
?[0m?[0;34m	at org.hyperskill.hstest.testing.TestRun.setUp(TestRun.java:77) ~[hs-test-release-SNAPSHOT.jar:na]
?[0m?[0;34m	at org.hyperskill.hstest.stage.StageTest.start(StageTest.java:159) ~[hs-test-release-SNAPSHOT.jar:na]
?[0m?[0;34m	at java.base/jdk.internal.reflect.NativeMethodAccessorImpl.invoke0(Native Method) ~[na:na]
?[0m?[0;34m	at java.base/jdk.internal.reflect.NativeMethodAccessorImpl.invoke(NativeMethodAccessorImpl.java:77) ~[na:na]
?[0m?[0;34m	at java.base/jdk.internal.reflect.DelegatingMethodAccessorImpl.invoke(DelegatingMethodAccessorImpl.java:43) ~[na:na]
?[0m?[0;34m	at java.base/java.lang.reflect.Method.invoke(Method.java:568) ~[na:na]
?[0m?[0;34m	at org.junit.runners.model.FrameworkMethod$1.runReflectiveCall(FrameworkMethod.java:59) ~[junit-4.13.2.jar:4.13.2]
?[0m?[0;34m	at org.junit.internal.runners.model.ReflectiveCallable.run(ReflectiveCallable.java:12) ~[junit-4.13.2.jar:4.13.2]
?[0m?[0;34m	at org.junit.runners.model.FrameworkMethod.invokeExplosively(FrameworkMethod.java:56) ~[junit-4.13.2.jar:4.13.2]
?[0m?[0;34m	at org.junit.internal.runners.statements.InvokeMethod.evaluate(InvokeMethod.java:17) ~[junit-4.13.2.jar:4.13.2]
?[0m?[0;34m	at org.junit.internal.runners.statements.RunAfters.evaluate(RunAfters.java:27) ~[junit-4.13.2.jar:4.13.2]
?[0m?[0;34m	at org.junit.runners.ParentRunner$3.evaluate(ParentRunner.java:306) ~[junit-4.13.2.jar:4.13.2]
?[0m?[0;34m	at org.junit.runners.BlockJUnit4ClassRunner$1.evaluate(BlockJUnit4ClassRunner.java:100) ~[junit-4.13.2.jar:4.13.2]
?[0m?[0;34m	at org.junit.runners.ParentRunner.runLeaf(ParentRunner.java:366) ~[junit-4.13.2.jar:4.13.2]
?[0m?[0;34m	at org.junit.runners.BlockJUnit4ClassRunner.runChild(BlockJUnit4ClassRunner.java:103) ~[junit-4.13.2.jar:4.13.2]
?[0m?[0;34m	at org.junit.runners.BlockJUnit4ClassRunner.runChild(BlockJUnit4ClassRunner.java:63) ~[junit-4.13.2.jar:4.13.2]
?[0m?[0;34m	at org.junit.runners.ParentRunner$4.run(ParentRunner.java:331) ~[junit-4.13.2.jar:4.13.2]
?[0m?[0;34m	at org.junit.runners.ParentRunner$1.schedule(ParentRunner.java:79) ~[junit-4.13.2.jar:4.13.2]
?[0m?[0;34m	at org.junit.runners.ParentRunner.runChildren(ParentRunner.java:329) ~[junit-4.13.2.jar:4.13.2]
?[0m?[0;34m	at org.junit.runners.ParentRunner.access$100(ParentRunner.java:66) ~[junit-4.13.2.jar:4.13.2]
?[0m?[0;34m	at org.junit.runners.ParentRunner$2.evaluate(ParentRunner.java:293) ~[junit-4.13.2.jar:4.13.2]
?[0m?[0;34m	at org.junit.runners.ParentRunner$3.evaluate(ParentRunner.java:306) ~[junit-4.13.2.jar:4.13.2]
?[0m?[0;34m	at org.junit.runners.ParentRunner.run(ParentRunner.java:413) ~[junit-4.13.2.jar:4.13.2]
?[0m?[0;34m	at org.gradle.api.internal.tasks.testing.junit.JUnitTestClassExecutor.runTestClass(JUnitTestClassExecutor.java:108) ~[na:na]
?[0m?[0;34m	at org.gradle.api.internal.tasks.testing.junit.JUnitTestClassExecutor.execute(JUnitTestClassExecutor.java:57) ~[na:na]
?[0m?[0;34m	at org.gradle.api.internal.tasks.testing.junit.JUnitTestClassExecutor.execute(JUnitTestClassExecutor.java:39) ~[na:na]
?[0m?[0;34m	at org.gradle.api.internal.tasks.testing.junit.AbstractJUnitTestClassProcessor.processTestClass(AbstractJUnitTestClassProcessor.java:62) ~[na:na]
?[0m?[0;34m	at org.gradle.api.internal.tasks.testing.SuiteTestClassProcessor.processTestClass(SuiteTestClassProcessor.java:52) ~[na:na]
?[0m?[0;34m	at java.base/jdk.internal.reflect.NativeMethodAccessorImpl.invoke0(Native Method) ~[na:na]
?[0m?[0;34m	at java.base/jdk.internal.reflect.NativeMethodAccessorImpl.invoke(NativeMethodAccessorImpl.java:77) ~[na:na]
?[0m?[0;34m	at java.base/jdk.internal.reflect.DelegatingMethodAccessorImpl.invoke(DelegatingMethodAccessorImpl.java:43) ~[na:na]
?[0m?[0;34m	at java.base/java.lang.reflect.Method.invoke(Method.java:568) ~[na:na]
?[0m?[0;34m	at org.gradle.internal.dispatch.ReflectionDispatch.dispatch(ReflectionDispatch.java:36) ~[na:na]
?[0m?[0;34m	at org.gradle.internal.dispatch.ReflectionDispatch.dispatch(ReflectionDispatch.java:24) ~[na:na]
?[0m?[0;34m	at org.gradle.internal.dispatch.ContextClassLoaderDispatch.dispatch(ContextClassLoaderDispatch.java:33) ~[na:na]
?[0m?[0;34m	at org.gradle.internal.dispatch.ProxyDispatchAdapter$DispatchingInvocationHandler.invoke(ProxyDispatchAdapter.java:94) ~[na:na]
?[0m?[0;34m	at jdk.proxy1/jdk.proxy1.$Proxy2.processTestClass(Unknown Source) ~[na:na]
?[0m?[0;34m	at org.gradle.api.internal.tasks.testing.worker.TestWorker$2.run(TestWorker.java:176) ~[na:na]
?[0m?[0;34m	at org.gradle.api.internal.tasks.testing.worker.TestWorker.executeAndMaintainThreadName(TestWorker.java:129) ~[na:na]
?[0m?[0;34m	at org.gradle.api.internal.tasks.testing.worker.TestWorker.execute(TestWorker.java:100) ~[na:na]
?[0m?[0;34m	at org.gradle.api.internal.tasks.testing.worker.TestWorker.execute(TestWorker.java:60) ~[na:na]
?[0m?[0;34m	at org.gradle.process.internal.worker.child.ActionExecutionWorker.execute(ActionExecutionWorker.java:56) ~[na:na]
?[0m?[0;34m	at org.gradle.process.internal.worker.child.SystemApplicationClassLoaderWorker.call(SystemApplicationClassLoaderWorker.java:113) ~[na:na]
?[0m?[0;34m	at org.gradle.process.internal.worker.child.SystemApplicationClassLoaderWorker.call(SystemApplicationClassLoaderWorker.java:65) ~[na:na]
?[0m?[0;34m	at worker.org.gradle.process.internal.worker.GradleWorkerMain.run(GradleWorkerMain.java:69) ~[gradle-worker.jar:na]
?[0m?[0;34m	at worker.org.gradle.process.internal.worker.GradleWorkerMain.main(GradleWorkerMain.java:74) ~[gradle-worker.jar:na]
?[0m?[0;34m
?[0m?[0;34m2023-05-25T06:44:28.866+05:30  WARN 7100 --- [    Test worker] .t.u.s.PrivilegedSetAccessControlContext : Unable to set field Thread.inheritedAccessControlContext
?[0m?[0;34m
?[0m?[0;34mjava.lang.IllegalAccessException: class org.apache.tomcat.util.security.PrivilegedSetAccessControlContext cannot access a member of class java.lang.Thread (in module java.base) with modifiers "private"
?[0m?[0;34m	at java.base/jdk.internal.reflect.Reflection.newIllegalAccessException(Reflection.java:392) ~[na:na]
?[0m?[0;34m	at java.base/java.lang.reflect.AccessibleObject.checkAccess(AccessibleObject.java:674) ~[na:na]
?[0m?[0;34m	at java.base/java.lang.reflect.Field.checkAccess(Field.java:1102) ~[na:na]
?[0m?[0;34m	at java.base/java.lang.reflect.Field.set(Field.java:797) ~[na:na]
?[0m?[0;34m	at org.apache.tomcat.util.security.PrivilegedSetAccessControlContext.run(PrivilegedSetAccessControlContext.java:60) ~[tomcat-embed-core-10.1.5.jar:10.1.5]
?[0m?[0;34m	at org.apache.tomcat.util.security.PrivilegedSetAccessControlContext.run(PrivilegedSetAccessControlContext.java:28) ~[tomcat-embed-core-10.1.5.jar:10.1.5]
?[0m?[0;34m	at java.base/java.security.AccessController.doPrivileged(AccessController.java:318) ~[na:na]
?[0m?[0;34m	at org.apache.tomcat.util.threads.TaskThreadFactory.newThread(TaskThreadFactory.java:64) ~[tomcat-embed-core-10.1.5.jar:10.1.5]
?[0m?[0;34m	at org.apache.tomcat.util.threads.ThreadPoolExecutor$Worker.<init>(ThreadPoolExecutor.java:653) ~[tomcat-embed-core-10.1.5.jar:10.1.5]
?[0m?[0;34m	at org.apache.tomcat.util.threads.ThreadPoolExecutor.addWorker(ThreadPoolExecutor.java:957) ~[tomcat-embed-core-10.1.5.jar:10.1.5]
?[0m?[0;34m	at org.apache.tomcat.util.threads.ThreadPoolExecutor.prestartAllCoreThreads(ThreadPoolExecutor.java:1694) ~[tomcat-embed-core-10.1.5.jar:10.1.5]
?[0m?[0;34m	at org.apache.tomcat.util.threads.ThreadPoolExecutor.<init>(ThreadPoolExecutor.java:1370) ~[tomcat-embed-core-10.1.5.jar:10.1.5]
?[0m?[0;34m	at org.apache.tomcat.util.threads.ThreadPoolExecutor.<init>(ThreadPoolExecutor.java:1280) ~[tomcat-embed-core-10.1.5.jar:10.1.5]
?[0m?[0;34m	at org.apache.tomcat.util.net.AbstractEndpoint.createExecutor(AbstractEndpoint.java:948) ~[tomcat-embed-core-10.1.5.jar:10.1.5]
?[0m?[0;34m	at org.apache.tomcat.util.net.NioEndpoint.startInternal(NioEndpoint.java:279) ~[tomcat-embed-core-10.1.5.jar:10.1.5]
?[0m?[0;34m	at org.apache.tomcat.util.net.AbstractEndpoint.start(AbstractEndpoint.java:1261) ~[tomcat-embed-core-10.1.5.jar:10.1.5]
?[0m?[0;34m	at org.apache.coyote.AbstractProtocol.start(AbstractProtocol.java:586) ~[tomcat-embed-core-10.1.5.jar:10.1.5]
?[0m?[0;34m	at org.apache.catalina.connector.Connector.startInternal(Connector.java:1081) ~[tomcat-embed-core-10.1.5.jar:10.1.5]
?[0m?[0;34m	at org.apache.catalina.util.LifecycleBase.start(LifecycleBase.java:183) ~[tomcat-embed-core-10.1.5.jar:10.1.5]
?[0m?[0;34m	at org.apache.catalina.core.StandardService.addConnector(StandardService.java:234) ~[tomcat-embed-core-10.1.5.jar:10.1.5]
?[0m?[0;34m	at org.springframework.boot.web.embedded.tomcat.TomcatWebServer.addPreviouslyRemovedConnectors(TomcatWebServer.java:282) ~[spring-boot-3.0.2.jar:3.0.2]
?[0m?[0;34m	at org.springframework.boot.web.embedded.tomcat.TomcatWebServer.start(TomcatWebServer.java:213) ~[spring-boot-3.0.2.jar:3.0.2]
?[0m?[0;34m	at org.springframework.boot.web.servlet.context.WebServerStartStopLifecycle.start(WebServerStartStopLifecycle.java:44) ~[spring-boot-3.0.2.jar:3.0.2]
?[0m?[0;34m	at org.springframework.context.support.DefaultLifecycleProcessor.doStart(DefaultLifecycleProcessor.java:178) ~[spring-context-6.0.4.jar:6.0.4]
?[0m?[0;34m	at org.springframework.context.support.DefaultLifecycleProcessor$LifecycleGroup.start(DefaultLifecycleProcessor.java:356) ~[spring-context-6.0.4.jar:6.0.4]
?[0m?[0;34m	at java.base/java.lang.Iterable.forEach(Iterable.java:75) ~[na:na]
?[0m?[0;34m	at org.springframework.context.support.DefaultLifecycleProcessor.startBeans(DefaultLifecycleProcessor.java:155) ~[spring-context-6.0.4.jar:6.0.4]
?[0m?[0;34m	at org.springframework.context.support.DefaultLifecycleProcessor.onRefresh(DefaultLifecycleProcessor.java:123) ~[spring-context-6.0.4.jar:6.0.4]
?[0m?[0;34m	at org.springframework.context.support.AbstractApplicationContext.finishRefresh(AbstractApplicationContext.java:932) ~[spring-context-6.0.4.jar:6.0.4]
?[0m?[0;34m	at org.springframework.context.support.AbstractApplicationContext.refresh(AbstractApplicationContext.java:587) ~[spring-context-6.0.4.jar:6.0.4]
?[0m?[0;34m	at org.springframework.boot.web.servlet.context.ServletWebServerApplicationContext.refresh(ServletWebServerApplicationContext.java:146) ~[spring-boot-3.0.2.jar:3.0.2]
?[0m?[0;34m	at org.springframework.boot.SpringApplication.refresh(SpringApplication.java:730) ~[spring-boot-3.0.2.jar:3.0.2]
?[0m?[0;34m	at org.springframework.boot.SpringApplication.refreshContext(SpringApplication.java:432) ~[spring-boot-3.0.2.jar:3.0.2]
?[0m?[0;34m	at org.springframework.boot.SpringApplication.run(SpringApplication.java:308) ~[spring-boot-3.0.2.jar:3.0.2]
?[0m?[0;34m	at org.springframework.boot.SpringApplication.run(SpringApplication.java:1302) ~[spring-boot-3.0.2.jar:3.0.2]
?[0m?[0;34m	at org.springframework.boot.SpringApplication.run(SpringApplication.java:1291) ~[spring-boot-3.0.2.jar:3.0.2]
?[0m?[0;34m	at recipes.RecipesApplication.main(RecipesApplication.java:9) ~[main/:na]
?[0m?[0;34m	at java.base/jdk.internal.reflect.NativeMethodAccessorImpl.invoke0(Native Method) ~[na:na]
?[0m?[0;34m	at java.base/jdk.internal.reflect.NativeMethodAccessorImpl.invoke(NativeMethodAccessorImpl.java:77) ~[na:na]
?[0m?[0;34m	at java.base/jdk.internal.reflect.DelegatingMethodAccessorImpl.invoke(DelegatingMethodAccessorImpl.java:43) ~[na:na]
?[0m?[0;34m	at java.base/java.lang.reflect.Method.invoke(Method.java:568) ~[na:na]
?[0m?[0;34m	at org.hyperskill.hstest.stage.SpringTest.startSpring(SpringTest.java:187) ~[hs-test-release-SNAPSHOT.jar:na]
?[0m?[0;34m	at org.hyperskill.hstest.stage.SpringTest.launchSpring(SpringTest.java:49) ~[hs-test-release-SNAPSHOT.jar:na]
?[0m?[0;34m	at org.hyperskill.hstest.testing.runner.SpringApplicationRunner.launchSpringBootApplication(SpringApplicationRunner.java:20) ~[hs-test-release-SNAPSHOT.jar:na]
?[0m?[0;34m	at org.hyperskill.hstest.testing.runner.SpringApplicationRunner.setUp(SpringApplicationRunner.java:35) ~[hs-test-release-SNAPSHOT.jar:na]
?[0m?[0;34m	at org.hyperskill.hstest.testing.TestRun.setUp(TestRun.java:77) ~[hs-test-release-SNAPSHOT.jar:na]
?[0m?[0;34m	at org.hyperskill.hstest.stage.StageTest.start(StageTest.java:159) ~[hs-test-release-SNAPSHOT.jar:na]
?[0m?[0;34m	at java.base/jdk.internal.reflect.NativeMethodAccessorImpl.invoke0(Native Method) ~[na:na]
?[0m?[0;34m	at java.base/jdk.internal.reflect.NativeMethodAccessorImpl.invoke(NativeMethodAccessorImpl.java:77) ~[na:na]
?[0m?[0;34m	at java.base/jdk.internal.reflect.DelegatingMethodAccessorImpl.invoke(DelegatingMethodAccessorImpl.java:43) ~[na:na]
?[0m?[0;34m	at java.base/java.lang.reflect.Method.invoke(Method.java:568) ~[na:na]
?[0m?[0;34m	at org.junit.runners.model.FrameworkMethod$1.runReflectiveCall(FrameworkMethod.java:59) ~[junit-4.13.2.jar:4.13.2]
?[0m?[0;34m	at org.junit.internal.runners.model.ReflectiveCallable.run(ReflectiveCallable.java:12) ~[junit-4.13.2.jar:4.13.2]
?[0m?[0;34m	at org.junit.runners.model.FrameworkMethod.invokeExplosively(FrameworkMethod.java:56) ~[junit-4.13.2.jar:4.13.2]
?[0m?[0;34m	at org.junit.internal.runners.statements.InvokeMethod.evaluate(InvokeMethod.java:17) ~[junit-4.13.2.jar:4.13.2]
?[0m?[0;34m	at org.junit.internal.runners.statements.RunAfters.evaluate(RunAfters.java:27) ~[junit-4.13.2.jar:4.13.2]
?[0m?[0;34m	at org.junit.runners.ParentRunner$3.evaluate(ParentRunner.java:306) ~[junit-4.13.2.jar:4.13.2]
?[0m?[0;34m	at org.junit.runners.BlockJUnit4ClassRunner$1.evaluate(BlockJUnit4ClassRunner.java:100) ~[junit-4.13.2.jar:4.13.2]
?[0m?[0;34m	at org.junit.runners.ParentRunner.runLeaf(ParentRunner.java:366) ~[junit-4.13.2.jar:4.13.2]
?[0m?[0;34m	at org.junit.runners.BlockJUnit4ClassRunner.runChild(BlockJUnit4ClassRunner.java:103) ~[junit-4.13.2.jar:4.13.2]
?[0m?[0;34m	at org.junit.runners.BlockJUnit4ClassRunner.runChild(BlockJUnit4ClassRunner.java:63) ~[junit-4.13.2.jar:4.13.2]
?[0m?[0;34m	at org.junit.runners.ParentRunner$4.run(ParentRunner.java:331) ~[junit-4.13.2.jar:4.13.2]
?[0m?[0;34m	at org.junit.runners.ParentRunner$1.schedule(ParentRunner.java:79) ~[junit-4.13.2.jar:4.13.2]
?[0m?[0;34m	at org.junit.runners.ParentRunner.runChildren(ParentRunner.java:329) ~[junit-4.13.2.jar:4.13.2]
?[0m?[0;34m	at org.junit.runners.ParentRunner.access$100(ParentRunner.java:66) ~[junit-4.13.2.jar:4.13.2]
?[0m?[0;34m	at org.junit.runners.ParentRunner$2.evaluate(ParentRunner.java:293) ~[junit-4.13.2.jar:4.13.2]
?[0m?[0;34m	at org.junit.runners.ParentRunner$3.evaluate(ParentRunner.java:306) ~[junit-4.13.2.jar:4.13.2]
?[0m?[0;34m	at org.junit.runners.ParentRunner.run(ParentRunner.java:413) ~[junit-4.13.2.jar:4.13.2]
?[0m?[0;34m	at org.gradle.api.internal.tasks.testing.junit.JUnitTestClassExecutor.runTestClass(JUnitTestClassExecutor.java:108) ~[na:na]
?[0m?[0;34m	at org.gradle.api.internal.tasks.testing.junit.JUnitTestClassExecutor.execute(JUnitTestClassExecutor.java:57) ~[na:na]
?[0m?[0;34m	at org.gradle.api.internal.tasks.testing.junit.JUnitTestClassExecutor.execute(JUnitTestClassExecutor.java:39) ~[na:na]
?[0m?[0;34m	at org.gradle.api.internal.tasks.testing.junit.AbstractJUnitTestClassProcessor.processTestClass(AbstractJUnitTestClassProcessor.java:62) ~[na:na]
?[0m?[0;34m	at org.gradle.api.internal.tasks.testing.SuiteTestClassProcessor.processTestClass(SuiteTestClassProcessor.java:52) ~[na:na]
?[0m?[0;34m	at java.base/jdk.internal.reflect.NativeMethodAccessorImpl.invoke0(Native Method) ~[na:na]
?[0m?[0;34m	at java.base/jdk.internal.reflect.NativeMethodAccessorImpl.invoke(NativeMethodAccessorImpl.java:77) ~[na:na]
?[0m?[0;34m	at java.base/jdk.internal.reflect.DelegatingMethodAccessorImpl.invoke(DelegatingMethodAccessorImpl.java:43) ~[na:na]
?[0m?[0;34m	at java.base/java.lang.reflect.Method.invoke(Method.java:568) ~[na:na]
?[0m?[0;34m	at org.gradle.internal.dispatch.ReflectionDispatch.dispatch(ReflectionDispatch.java:36) ~[na:na]
?[0m?[0;34m	at org.gradle.internal.dispatch.ReflectionDispatch.dispatch(ReflectionDispatch.java:24) ~[na:na]
?[0m?[0;34m	at org.gradle.internal.dispatch.ContextClassLoaderDispatch.dispatch(ContextClassLoaderDispatch.java:33) ~[na:na]
?[0m?[0;34m	at org.gradle.internal.dispatch.ProxyDispatchAdapter$DispatchingInvocationHandler.invoke(ProxyDispatchAdapter.java:94) ~[na:na]
?[0m?[0;34m	at jdk.proxy1/jdk.proxy1.$Proxy2.processTestClass(Unknown Source) ~[na:na]
?[0m?[0;34m	at org.gradle.api.internal.tasks.testing.worker.TestWorker$2.run(TestWorker.java:176) ~[na:na]
?[0m?[0;34m	at org.gradle.api.internal.tasks.testing.worker.TestWorker.executeAndMaintainThreadName(TestWorker.java:129) ~[na:na]
?[0m?[0;34m	at org.gradle.api.internal.tasks.testing.worker.TestWorker.execute(TestWorker.java:100) ~[na:na]
?[0m?[0;34m	at org.gradle.api.internal.tasks.testing.worker.TestWorker.execute(TestWorker.java:60) ~[na:na]
?[0m?[0;34m	at org.gradle.process.internal.worker.child.ActionExecutionWorker.execute(ActionExecutionWorker.java:56) ~[na:na]
?[0m?[0;34m	at org.gradle.process.internal.worker.child.SystemApplicationClassLoaderWorker.call(SystemApplicationClassLoaderWorker.java:113) ~[na:na]
?[0m?[0;34m	at org.gradle.process.internal.worker.child.SystemApplicationClassLoaderWorker.call(SystemApplicationClassLoaderWorker.java:65) ~[na:na]
?[0m?[0;34m	at worker.org.gradle.process.internal.worker.GradleWorkerMain.run(GradleWorkerMain.java:69) ~[gradle-worker.jar:na]
?[0m?[0;34m	at worker.org.gradle.process.internal.worker.GradleWorkerMain.main(GradleWorkerMain.java:74) ~[gradle-worker.jar:na]
?[0m?[0;34m
?[0m?[0;34m2023-05-25T06:44:28.882+05:30  WARN 7100 --- [    Test worker] .t.u.s.PrivilegedSetAccessControlContext : Unable to set field Thread.inheritedAccessControlContext
?[0m?[0;34m
?[0m?[0;34mjava.lang.IllegalAccessException: class org.apache.tomcat.util.security.PrivilegedSetAccessControlContext cannot access a member of class java.lang.Thread (in module java.base) with modifiers "private"
?[0m?[0;34m	at java.base/jdk.internal.reflect.Reflection.newIllegalAccessException(Reflection.java:392) ~[na:na]
?[0m?[0;34m	at java.base/java.lang.reflect.AccessibleObject.checkAccess(AccessibleObject.java:674) ~[na:na]
?[0m?[0;34m	at java.base/java.lang.reflect.Field.checkAccess(Field.java:1102) ~[na:na]
?[0m?[0;34m	at java.base/java.lang.reflect.Field.set(Field.java:797) ~[na:na]
?[0m?[0;34m	at org.apache.tomcat.util.security.PrivilegedSetAccessControlContext.run(PrivilegedSetAccessControlContext.java:60) ~[tomcat-embed-core-10.1.5.jar:10.1.5]
?[0m?[0;34m	at org.apache.tomcat.util.security.PrivilegedSetAccessControlContext.run(PrivilegedSetAccessControlContext.java:28) ~[tomcat-embed-core-10.1.5.jar:10.1.5]
?[0m?[0;34m	at java.base/java.security.AccessController.doPrivileged(AccessController.java:318) ~[na:na]
?[0m?[0;34m	at org.apache.tomcat.util.threads.TaskThreadFactory.newThread(TaskThreadFactory.java:64) ~[tomcat-embed-core-10.1.5.jar:10.1.5]
?[0m?[0;34m	at org.apache.tomcat.util.threads.ThreadPoolExecutor$Worker.<init>(ThreadPoolExecutor.java:653) ~[tomcat-embed-core-10.1.5.jar:10.1.5]
?[0m?[0;34m	at org.apache.tomcat.util.threads.ThreadPoolExecutor.addWorker(ThreadPoolExecutor.java:957) ~[tomcat-embed-core-10.1.5.jar:10.1.5]
?[0m?[0;34m	at org.apache.tomcat.util.threads.ThreadPoolExecutor.prestartAllCoreThreads(ThreadPoolExecutor.java:1694) ~[tomcat-embed-core-10.1.5.jar:10.1.5]
?[0m?[0;34m	at org.apache.tomcat.util.threads.ThreadPoolExecutor.<init>(ThreadPoolExecutor.java:1370) ~[tomcat-embed-core-10.1.5.jar:10.1.5]
?[0m?[0;34m	at org.apache.tomcat.util.threads.ThreadPoolExecutor.<init>(ThreadPoolExecutor.java:1280) ~[tomcat-embed-core-10.1.5.jar:10.1.5]
?[0m?[0;34m	at org.apache.tomcat.util.net.AbstractEndpoint.createExecutor(AbstractEndpoint.java:948) ~[tomcat-embed-core-10.1.5.jar:10.1.5]
?[0m?[0;34m	at org.apache.tomcat.util.net.NioEndpoint.startInternal(NioEndpoint.java:279) ~[tomcat-embed-core-10.1.5.jar:10.1.5]
?[0m?[0;34m	at org.apache.tomcat.util.net.AbstractEndpoint.start(AbstractEndpoint.java:1261) ~[tomcat-embed-core-10.1.5.jar:10.1.5]
?[0m?[0;34m	at org.apache.coyote.AbstractProtocol.start(AbstractProtocol.java:586) ~[tomcat-embed-core-10.1.5.jar:10.1.5]
?[0m?[0;34m	at org.apache.catalina.connector.Connector.startInternal(Connector.java:1081) ~[tomcat-embed-core-10.1.5.jar:10.1.5]
?[0m?[0;34m	at org.apache.catalina.util.LifecycleBase.start(LifecycleBase.java:183) ~[tomcat-embed-core-10.1.5.jar:10.1.5]
?[0m?[0;34m	at org.apache.catalina.core.StandardService.addConnector(StandardService.java:234) ~[tomcat-embed-core-10.1.5.jar:10.1.5]
?[0m?[0;34m	at org.springframework.boot.web.embedded.tomcat.TomcatWebServer.addPreviouslyRemovedConnectors(TomcatWebServer.java:282) ~[spring-boot-3.0.2.jar:3.0.2]
?[0m?[0;34m	at org.springframework.boot.web.embedded.tomcat.TomcatWebServer.start(TomcatWebServer.java:213) ~[spring-boot-3.0.2.jar:3.0.2]
?[0m?[0;34m	at org.springframework.boot.web.servlet.context.WebServerStartStopLifecycle.start(WebServerStartStopLifecycle.java:44) ~[spring-boot-3.0.2.jar:3.0.2]
?[0m?[0;34m	at org.springframework.context.support.DefaultLifecycleProcessor.doStart(DefaultLifecycleProcessor.java:178) ~[spring-context-6.0.4.jar:6.0.4]
?[0m?[0;34m	at org.springframework.context.support.DefaultLifecycleProcessor$LifecycleGroup.start(DefaultLifecycleProcessor.java:356) ~[spring-context-6.0.4.jar:6.0.4]
?[0m?[0;34m	at java.base/java.lang.Iterable.forEach(Iterable.java:75) ~[na:na]
?[0m?[0;34m	at org.springframework.context.support.DefaultLifecycleProcessor.startBeans(DefaultLifecycleProcessor.java:155) ~[spring-context-6.0.4.jar:6.0.4]
?[0m?[0;34m	at org.springframework.context.support.DefaultLifecycleProcessor.onRefresh(DefaultLifecycleProcessor.java:123) ~[spring-context-6.0.4.jar:6.0.4]
?[0m?[0;34m	at org.springframework.context.support.AbstractApplicationContext.finishRefresh(AbstractApplicationContext.java:932) ~[spring-context-6.0.4.jar:6.0.4]
?[0m?[0;34m	at org.springframework.context.support.AbstractApplicationContext.refresh(AbstractApplicationContext.java:587) ~[spring-context-6.0.4.jar:6.0.4]
?[0m?[0;34m	at org.springframework.boot.web.servlet.context.ServletWebServerApplicationContext.refresh(ServletWebServerApplicationContext.java:146) ~[spring-boot-3.0.2.jar:3.0.2]
?[0m?[0;34m	at org.springframework.boot.SpringApplication.refresh(SpringApplication.java:730) ~[spring-boot-3.0.2.jar:3.0.2]
?[0m?[0;34m	at org.springframework.boot.SpringApplication.refreshContext(SpringApplication.java:432) ~[spring-boot-3.0.2.jar:3.0.2]
?[0m?[0;34m	at org.springframework.boot.SpringApplication.run(SpringApplication.java:308) ~[spring-boot-3.0.2.jar:3.0.2]
?[0m?[0;34m	at org.springframework.boot.SpringApplication.run(SpringApplication.java:1302) ~[spring-boot-3.0.2.jar:3.0.2]
?[0m?[0;34m	at org.springframework.boot.SpringApplication.run(SpringApplication.java:1291) ~[spring-boot-3.0.2.jar:3.0.2]
?[0m?[0;34m	at recipes.RecipesApplication.main(RecipesApplication.java:9) ~[main/:na]
?[0m?[0;34m	at java.base/jdk.internal.reflect.NativeMethodAccessorImpl.invoke0(Native Method) ~[na:na]
?[0m?[0;34m	at java.base/jdk.internal.reflect.NativeMethodAccessorImpl.invoke(NativeMethodAccessorImpl.java:77) ~[na:na]
?[0m?[0;34m	at java.base/jdk.internal.reflect.DelegatingMethodAccessorImpl.invoke(DelegatingMethodAccessorImpl.java:43) ~[na:na]
?[0m?[0;34m	at java.base/java.lang.reflect.Method.invoke(Method.java:568) ~[na:na]
?[0m?[0;34m	at org.hyperskill.hstest.stage.SpringTest.startSpring(SpringTest.java:187) ~[hs-test-release-SNAPSHOT.jar:na]
?[0m?[0;34m	at org.hyperskill.hstest.stage.SpringTest.launchSpring(SpringTest.java:49) ~[hs-test-release-SNAPSHOT.jar:na]
?[0m?[0;34m	at org.hyperskill.hstest.testing.runner.SpringApplicationRunner.launchSpringBootApplication(SpringApplicationRunner.java:20) ~[hs-test-release-SNAPSHOT.jar:na]
?[0m?[0;34m	at org.hyperskill.hstest.testing.runner.SpringApplicationRunner.setUp(SpringApplicationRunner.java:35) ~[hs-test-release-SNAPSHOT.jar:na]
?[0m?[0;34m	at org.hyperskill.hstest.testing.TestRun.setUp(TestRun.java:77) ~[hs-test-release-SNAPSHOT.jar:na]
?[0m?[0;34m	at org.hyperskill.hstest.stage.StageTest.start(StageTest.java:159) ~[hs-test-release-SNAPSHOT.jar:na]
?[0m?[0;34m	at java.base/jdk.internal.reflect.NativeMethodAccessorImpl.invoke0(Native Method) ~[na:na]
?[0m?[0;34m	at java.base/jdk.internal.reflect.NativeMethodAccessorImpl.invoke(NativeMethodAccessorImpl.java:77) ~[na:na]
?[0m?[0;34m	at java.base/jdk.internal.reflect.DelegatingMethodAccessorImpl.invoke(DelegatingMethodAccessorImpl.java:43) ~[na:na]
?[0m?[0;34m	at java.base/java.lang.reflect.Method.invoke(Method.java:568) ~[na:na]
?[0m?[0;34m	at org.junit.runners.model.FrameworkMethod$1.runReflectiveCall(FrameworkMethod.java:59) ~[junit-4.13.2.jar:4.13.2]
?[0m?[0;34m	at org.junit.internal.runners.model.ReflectiveCallable.run(ReflectiveCallable.java:12) ~[junit-4.13.2.jar:4.13.2]
?[0m?[0;34m	at org.junit.runners.model.FrameworkMethod.invokeExplosively(FrameworkMethod.java:56) ~[junit-4.13.2.jar:4.13.2]
?[0m?[0;34m	at org.junit.internal.runners.statements.InvokeMethod.evaluate(InvokeMethod.java:17) ~[junit-4.13.2.jar:4.13.2]
?[0m?[0;34m	at org.junit.internal.runners.statements.RunAfters.evaluate(RunAfters.java:27) ~[junit-4.13.2.jar:4.13.2]
?[0m?[0;34m	at org.junit.runners.ParentRunner$3.evaluate(ParentRunner.java:306) ~[junit-4.13.2.jar:4.13.2]
?[0m?[0;34m	at org.junit.runners.BlockJUnit4ClassRunner$1.evaluate(BlockJUnit4ClassRunner.java:100) ~[junit-4.13.2.jar:4.13.2]
?[0m?[0;34m	at org.junit.runners.ParentRunner.runLeaf(ParentRunner.java:366) ~[junit-4.13.2.jar:4.13.2]
?[0m?[0;34m	at org.junit.runners.BlockJUnit4ClassRunner.runChild(BlockJUnit4ClassRunner.java:103) ~[junit-4.13.2.jar:4.13.2]
?[0m?[0;34m	at org.junit.runners.BlockJUnit4ClassRunner.runChild(BlockJUnit4ClassRunner.java:63) ~[junit-4.13.2.jar:4.13.2]
?[0m?[0;34m	at org.junit.runners.ParentRunner$4.run(ParentRunner.java:331) ~[junit-4.13.2.jar:4.13.2]
?[0m?[0;34m	at org.junit.runners.ParentRunner$1.schedule(ParentRunner.java:79) ~[junit-4.13.2.jar:4.13.2]
?[0m?[0;34m	at org.junit.runners.ParentRunner.runChildren(ParentRunner.java:329) ~[junit-4.13.2.jar:4.13.2]
?[0m?[0;34m	at org.junit.runners.ParentRunner.access$100(ParentRunner.java:66) ~[junit-4.13.2.jar:4.13.2]
?[0m?[0;34m	at org.junit.runners.ParentRunner$2.evaluate(ParentRunner.java:293) ~[junit-4.13.2.jar:4.13.2]
?[0m?[0;34m	at org.junit.runners.ParentRunner$3.evaluate(ParentRunner.java:306) ~[junit-4.13.2.jar:4.13.2]
?[0m?[0;34m	at org.junit.runners.ParentRunner.run(ParentRunner.java:413) ~[junit-4.13.2.jar:4.13.2]
?[0m?[0;34m	at org.gradle.api.internal.tasks.testing.junit.JUnitTestClassExecutor.runTestClass(JUnitTestClassExecutor.java:108) ~[na:na]
?[0m?[0;34m	at org.gradle.api.internal.tasks.testing.junit.JUnitTestClassExecutor.execute(JUnitTestClassExecutor.java:57) ~[na:na]
?[0m?[0;34m	at org.gradle.api.internal.tasks.testing.junit.JUnitTestClassExecutor.execute(JUnitTestClassExecutor.java:39) ~[na:na]
?[0m?[0;34m	at org.gradle.api.internal.tasks.testing.junit.AbstractJUnitTestClassProcessor.processTestClass(AbstractJUnitTestClassProcessor.java:62) ~[na:na]
?[0m?[0;34m	at org.gradle.api.internal.tasks.testing.SuiteTestClassProcessor.processTestClass(SuiteTestClassProcessor.java:52) ~[na:na]
?[0m?[0;34m	at java.base/jdk.internal.reflect.NativeMethodAccessorImpl.invoke0(Native Method) ~[na:na]
?[0m?[0;34m	at java.base/jdk.internal.reflect.NativeMethodAccessorImpl.invoke(NativeMethodAccessorImpl.java:77) ~[na:na]
?[0m?[0;34m	at java.base/jdk.internal.reflect.DelegatingMethodAccessorImpl.invoke(DelegatingMethodAccessorImpl.java:43) ~[na:na]
?[0m?[0;34m	at java.base/java.lang.reflect.Method.invoke(Method.java:568) ~[na:na]
?[0m?[0;34m	at org.gradle.internal.dispatch.ReflectionDispatch.dispatch(ReflectionDispatch.java:36) ~[na:na]
?[0m?[0;34m	at org.gradle.internal.dispatch.ReflectionDispatch.dispatch(ReflectionDispatch.java:24) ~[na:na]
?[0m?[0;34m	at org.gradle.internal.dispatch.ContextClassLoaderDispatch.dispatch(ContextClassLoaderDispatch.java:33) ~[na:na]
?[0m?[0;34m	at org.gradle.internal.dispatch.ProxyDispatchAdapter$DispatchingInvocationHandler.invoke(ProxyDispatchAdapter.java:94) ~[na:na]
?[0m?[0;34m	at jdk.proxy1/jdk.proxy1.$Proxy2.processTestClass(Unknown Source) ~[na:na]
?[0m?[0;34m	at org.gradle.api.internal.tasks.testing.worker.TestWorker$2.run(TestWorker.java:176) ~[na:na]
?[0m?[0;34m	at org.gradle.api.internal.tasks.testing.worker.TestWorker.executeAndMaintainThreadName(TestWorker.java:129) ~[na:na]
?[0m?[0;34m	at org.gradle.api.internal.tasks.testing.worker.TestWorker.execute(TestWorker.java:100) ~[na:na]
?[0m?[0;34m	at org.gradle.api.internal.tasks.testing.worker.TestWorker.execute(TestWorker.java:60) ~[na:na]
?[0m?[0;34m	at org.gradle.process.internal.worker.child.ActionExecutionWorker.execute(ActionExecutionWorker.java:56) ~[na:na]
?[0m?[0;34m	at org.gradle.process.internal.worker.child.SystemApplicationClassLoaderWorker.call(SystemApplicationClassLoaderWorker.java:113) ~[na:na]
?[0m?[0;34m	at org.gradle.process.internal.worker.child.SystemApplicationClassLoaderWorker.call(SystemApplicationClassLoaderWorker.java:65) ~[na:na]
?[0m?[0;34m	at worker.org.gradle.process.internal.worker.GradleWorkerMain.run(GradleWorkerMain.java:69) ~[gradle-worker.jar:na]
?[0m?[0;34m	at worker.org.gradle.process.internal.worker.GradleWorkerMain.main(GradleWorkerMain.java:74) ~[gradle-worker.jar:na]
?[0m?[0;34m
?[0m?[0;34m2023-05-25T06:44:28.896+05:30  WARN 7100 --- [    Test worker] .t.u.s.PrivilegedSetAccessControlContext : Unable to set field Thread.inheritedAccessControlContext
?[0m?[0;34m
?[0m?[0;34mjava.lang.IllegalAccessException: class org.apache.tomcat.util.security.PrivilegedSetAccessControlContext cannot access a member of class java.lang.Thread (in module java.base) with modifiers "private"
?[0m?[0;34m	at java.base/jdk.internal.reflect.Reflection.newIllegalAccessException(Reflection.java:392) ~[na:na]
?[0m?[0;34m	at java.base/java.lang.reflect.AccessibleObject.checkAccess(AccessibleObject.java:674) ~[na:na]
?[0m?[0;34m	at java.base/java.lang.reflect.Field.checkAccess(Field.java:1102) ~[na:na]
?[0m?[0;34m	at java.base/java.lang.reflect.Field.set(Field.java:797) ~[na:na]
[...]
?[0m?[0;34m	at org.apache.tomcat.util.security.PrivilegedSetAccessControlContext.run(PrivilegedSetAccessControlContext.java:28) ~[tomcat-embed-core-10.1.5.jar:10.1.5]
?[0m?[0;34m	at java.base/java.security.AccessController.doPrivileged(AccessController.java:318) ~[na:na]
?[0m?[0;34m	at org.apache.tomcat.util.threads.TaskThreadFactory.newThread(TaskThreadFactory.java:64) ~[tomcat-embed-core-10.1.5.jar:10.1.5]
?[0m?[0;34m	at org.apache.tomcat.util.threads.ThreadPoolExecutor$Worker.<init>(ThreadPoolExecutor.java:653) ~[tomcat-embed-core-10.1.5.jar:10.1.5]
?[0m?[0;34m	at org.apache.tomcat.util.threads.ThreadPoolExecutor.addWorker(ThreadPoolExecutor.java:957) ~[tomcat-embed-core-10.1.5.jar:10.1.5]
?[0m?[0;34m	at org.apache.tomcat.util.threads.ThreadPoolExecutor.executeInternal(ThreadPoolExecutor.java:1451) ~[tomcat-embed-core-10.1.5.jar:10.1.5]
?[0m?[0;34m	at org.apache.tomcat.util.threads.ThreadPoolExecutor.execute(ThreadPoolExecutor.java:1378) ~[tomcat-embed-core-10.1.5.jar:10.1.5]
?[0m?[0;34m	at org.apache.tomcat.util.net.AbstractEndpoint.processSocket(AbstractEndpoint.java:1133) ~[tomcat-embed-core-10.1.5.jar:10.1.5]
?[0m?[0;34m	at org.apache.tomcat.util.net.NioEndpoint$Poller.processKey(NioEndpoint.java:819) ~[tomcat-embed-core-10.1.5.jar:10.1.5]
?[0m?[0;34m	at org.apache.tomcat.util.net.NioEndpoint$Poller.run(NioEndpoint.java:786) ~[tomcat-embed-core-10.1.5.jar:10.1.5]
?[0m?[0;34m	at java.base/java.lang.Thread.run(Thread.java:833) ~[na:na]
?[0m?[0;34m
?[0m?[0;34m2023-05-25T06:44:41.848+05:30  WARN 7100 --- [nio-1080-Poller] .t.u.s.PrivilegedSetAccessControlContext : Unable to set field Thread.inheritedAccessControlContext
?[0m?[0;34m
?[0m?[0;34mjava.lang.IllegalAccessException: class org.apache.tomcat.util.security.PrivilegedSetAccessControlContext cannot access a member of class java.lang.Thread (in module java.base) with modifiers "private"
?[0m?[0;34m	at java.base/jdk.internal.reflect.Reflection.newIllegalAccessException(Reflection.java:392) ~[na:na]
?[0m?[0;34m	at java.base/java.lang.reflect.AccessibleObject.checkAccess(AccessibleObject.java:674) ~[na:na]
?[0m?[0;34m	at java.base/java.lang.reflect.Field.checkAccess(Field.java:1102) ~[na:na]
?[0m?[0;34m	at java.base/java.lang.reflect.Field.set(Field.java:797) ~[na:na]
?[0m?[0;34m	at org.apache.tomcat.util.security.PrivilegedSetAccessControlContext.run(PrivilegedSetAccessControlContext.java:60) ~[tomcat-embed-core-10.1.5.jar:10.1.5]
?[0m?[0;34m	at org.apache.tomcat.util.security.PrivilegedSetAccessControlContext.run(PrivilegedSetAccessControlContext.java:28) ~[tomcat-embed-core-10.1.5.jar:10.1.5]
?[0m?[0;34m	at java.base/java.security.AccessController.doPrivileged(AccessController.java:318) ~[na:na]
?[0m?[0;34m	at org.apache.tomcat.util.threads.TaskThreadFactory.newThread(TaskThreadFactory.java:64) ~[tomcat-embed-core-10.1.5.jar:10.1.5]
?[0m?[0;34m	at org.apache.tomcat.util.threads.ThreadPoolExecutor$Worker.<init>(ThreadPoolExecutor.java:653) ~[tomcat-embed-core-10.1.5.jar:10.1.5]
?[0m?[0;34m	at org.apache.tomcat.util.threads.ThreadPoolExecutor.addWorker(ThreadPoolExecutor.java:957) ~[tomcat-embed-core-10.1.5.jar:10.1.5]
?[0m?[0;34m	at org.apache.tomcat.util.threads.ThreadPoolExecutor.executeInternal(ThreadPoolExecutor.java:1451) ~[tomcat-embed-core-10.1.5.jar:10.1.5]
?[0m?[0;34m	at org.apache.tomcat.util.threads.ThreadPoolExecutor.execute(ThreadPoolExecutor.java:1378) ~[tomcat-embed-core-10.1.5.jar:10.1.5]
?[0m?[0;34m	at org.apache.tomcat.util.net.AbstractEndpoint.processSocket(AbstractEndpoint.java:1133) ~[tomcat-embed-core-10.1.5.jar:10.1.5]
?[0m?[0;34m	at org.apache.tomcat.util.net.NioEndpoint$Poller.processKey(NioEndpoint.java:819) ~[tomcat-embed-core-10.1.5.jar:10.1.5]
?[0m?[0;34m	at org.apache.tomcat.util.net.NioEndpoint$Poller.run(NioEndpoint.java:786) ~[tomcat-embed-core-10.1.5.jar:10.1.5]
?[0m?[0;34m	at java.base/java.lang.Thread.run(Thread.java:833) ~[na:na]
?[0m?[0;34m
?[0m?[0;34mHibernate: select r1_0.id,r1_0.category,r1_0.date,r1_0.description,r1_0.directions,r1_0.ingredients,r1_0.name from recipe r1_0 where upper(r1_0.category)=upper(?) order by r1_0.date desc
?[1;31m
Start test 28?[0m
?[0;34mHibernate: select r1_0.id,r1_0.category,r1_0.date,r1_0.description,r1_0.directions,r1_0.ingredients,r1_0.name from recipe r1_0 where upper(r1_0.name) like upper(?) escape '\' order by r1_0.date desc
?[1;31m
Start test 29?[0m
?[0m?[0;34mHibernate: select r1_0.id,r1_0.category,r1_0.date,r1_0.description,r1_0.directions,r1_0.ingredients,r1_0.name from recipe r1_0 where upper(r1_0.category)=upper(?) order by r1_0.date desc
?[1;31m
Start test 30?[0m
?[0m?[0;34mHibernate: select r1_0.id,r1_0.category,r1_0.date,r1_0.description,r1_0.directions,r1_0.ingredients,r1_0.name from recipe r1_0 where upper(r1_0.name) like upper(?) escape '\' order by r1_0.date desc
?[1;31m
Start test 31?[0m
?[1;31m
Start test 32?[0m
?[1;31m
Start test 33?[0m
?[1;31m
Start test 34?[0m
?[1;31m
Start test 35?[0m
?[0m?[0;34m2023-05-25T06:44:42.034+05:30  WARN 7100 --- [nio-1080-exec-1] .w.s.m.s.DefaultHandlerExceptionResolver : Resolved [org.springframework.web.bind.MethodArgumentNotValidException: Validation failed for argument [0] in public org.springframework.http.ResponseEntity<?> recipes.controller.RecipeController.setSeat(recipes.models.Recipe): [Field error in object 'recipe' on field 'name': rejected value [null]; codes [NotBlank.recipe.name,NotBlank.name,NotBlank.java.lang.String,NotBlank]; arguments [org.springframework.context.support.DefaultMessageSourceResolvable: codes [recipe.name,name]; arguments []; default message [name]]; default message [Name should not be blank]] ]
?[1;31m
Start test 36?[0m
?[0m?[0;34m2023-05-25T06:44:42.060+05:30  WARN 7100 --- [nio-1080-exec-4] .w.s.m.s.DefaultHandlerExceptionResolver : Resolved [org.springframework.web.bind.MethodArgumentNotValidException: Validation failed for argument [0] in public org.springframework.http.ResponseEntity<?> recipes.controller.RecipeController.setSeat(recipes.models.Recipe): [Field error in object 'recipe' on field 'category': rejected value [null]; codes [NotBlank.recipe.category,NotBlank.category,NotBlank.java.lang.String,NotBlank]; arguments [org.springframework.context.support.DefaultMessageSourceResolvable: codes [recipe.category,category]; arguments []; default message [category]]; default message [Category should not be blank]] ]
?[1;31m
Start test 37?[0m
?[0m?[0;34m2023-05-25T06:44:42.072+05:30  WARN 7100 --- [nio-1080-exec-6] .w.s.m.s.DefaultHandlerExceptionResolver : Resolved [org.springframework.web.bind.MethodArgumentNotValidException: Validation failed for argument [0] in public org.springframework.http.ResponseEntity<?> recipes.controller.RecipeController.setSeat(recipes.models.Recipe): [Field error in object 'recipe' on field 'description': rejected value [null]; codes [NotBlank.recipe.description,NotBlank.description,NotBlank.java.lang.String,NotBlank]; arguments [org.springframework.context.support.DefaultMessageSourceResolvable: codes [recipe.description,description]; arguments []; default message [description]]; default message [Description should not be blank]] ]
?[1;31m
Start test 38?[0m
?[0;34m2023-05-25T06:44:42.084+05:30  WARN 7100 --- [io-1080-exec-12] .w.s.m.s.DefaultHandlerExceptionResolver : Resolved [org.springframework.web.bind.MethodArgumentNotValidException: Validation failed for argument [0] in public org.springframework.http.ResponseEntity<?> recipes.controller.RecipeController.setSeat(recipes.models.Recipe): [Field error in object 'recipe' on field 'ingredients': rejected value [null]; codes [NotNull.recipe.ingredients,NotNull.ingredients,NotNull.[Ljava.lang.String;,NotNull]; arguments [org.springframework.context.support.DefaultMessageSourceResolvable: codes [recipe.ingredients,ingredients]; arguments []; default message [ingredients]]; default message [There should be at least one ingredient]] ]
?[1;31m
Start test 39?[0m
?[0m?[0;34m2023-05-25T06:44:42.098+05:30  WARN 7100 --- [nio-1080-exec-2] .w.s.m.s.DefaultHandlerExceptionResolver : Resolved [org.springframework.web.bind.MethodArgumentNotValidException: Validation failed for argument [0] in public org.springframework.http.ResponseEntity<?> recipes.controller.RecipeController.setSeat(recipes.models.Recipe): [Field error in object 'recipe' on field 'directions': rejected value [null]; codes [NotNull.recipe.directions,NotNull.directions,NotNull.[Ljava.lang.String;,NotNull]; arguments [org.springframework.context.support.DefaultMessageSourceResolvable: codes [recipe.directions,directions]; arguments []; default message [directions]]; default message [Directions should not be null]] ]
?[1;31m
Start test 40?[0m
?[0m?[0;34m2023-05-25T06:44:42.112+05:30  WARN 7100 --- [io-1080-exec-11] .w.s.m.s.DefaultHandlerExceptionResolver : Resolved [org.springframework.web.bind.MethodArgumentNotValidException: Validation failed for argument [0] in public org.springframework.http.ResponseEntity<?> recipes.controller.RecipeController.setSeat(recipes.models.Recipe): [Field error in object 'recipe' on field 'name': rejected value [  ]; codes [NotBlank.recipe.name,NotBlank.name,NotBlank.java.lang.String,NotBlank]; arguments [org.springframework.context.support.DefaultMessageSourceResolvable: codes [recipe.name,name]; arguments []; default message [name]]; default message [Name should not be blank]] ]
?[1;31m
Start test 41?[0m
?[0m?[0;34m2023-05-25T06:44:42.126+05:30  WARN 7100 --- [nio-1080-exec-5] .w.s.m.s.DefaultHandlerExceptionResolver : Resolved [org.springframework.web.bind.MethodArgumentNotValidException: Validation failed for argument [0] in public org.springframework.http.ResponseEntity<?> recipes.controller.RecipeController.setSeat(recipes.models.Recipe): [Field error in object 'recipe' on field 'category': rejected value [  ]; codes [NotBlank.recipe.category,NotBlank.category,NotBlank.java.lang.String,NotBlank]; arguments [org.springframework.context.support.DefaultMessageSourceResolvable: codes [recipe.category,category]; arguments []; default message [category]]; default message [Category should not be blank]] ]
?[1;31m
Start test 42?[0m
?[0m?[0;34m2023-05-25T06:44:42.139+05:30  WARN 7100 --- [nio-1080-exec-3] .w.s.m.s.DefaultHandlerExceptionResolver : Resolved [org.springframework.web.bind.MethodArgumentNotValidException: Validation failed for argument [0] in public org.springframework.http.ResponseEntity<?> recipes.controller.RecipeController.setSeat(recipes.models.Recipe): [Field error in object 'recipe' on field 'description': rejected value [  ]; codes [NotBlank.recipe.description,NotBlank.description,NotBlank.java.lang.String,NotBlank]; arguments [org.springframework.context.support.DefaultMessageSourceResolvable: codes [recipe.description,description]; arguments []; default message [description]]; default message [Description should not be blank]] ]
?[1;31m
Start test 43?[0m
?[0m?[0;34m2023-05-25T06:44:42.152+05:30  WARN 7100 --- [nio-1080-exec-7] .w.s.m.s.DefaultHandlerExceptionResolver : Resolved [org.springframework.web.bind.MethodArgumentNotValidException: Validation failed for argument [0] in public org.springframework.http.ResponseEntity<?> recipes.controller.RecipeController.setSeat(recipes.models.Recipe): [Field error in object 'recipe' on field 'ingredients': rejected value [{}]; codes [Size.recipe.ingredients,Size.ingredients,Size.[Ljava.lang.String;,Size]; arguments [org.springframework.context.support.DefaultMessageSourceResolvable: codes [recipe.ingredients,ingredients]; arguments []; default message [ingredients],2147483647,1]; default message [There should be at least one ingredient]] ]
?[1;31m
Start test 44?[0m
?[0m?[0;34m2023-05-25T06:44:42.166+05:30  WARN 7100 --- [nio-1080-exec-8] .w.s.m.s.DefaultHandlerExceptionResolver : Resolved [org.springframework.web.bind.MethodArgumentNotValidException: Validation failed for argument [0] in public org.springframework.http.ResponseEntity<?> recipes.controller.RecipeController.setSeat(recipes.models.Recipe): [Field error in object 'recipe' on field 'directions': rejected value [{}]; codes [Size.recipe.directions,Size.directions,Size.[Ljava.lang.String;,Size]; arguments [org.springframework.context.support.DefaultMessageSourceResolvable: codes [recipe.directions,directions]; arguments []; default message [directions],2147483647,1]; default message [There should be at least one direction]] ]
?[1;31m
Start test 45?[0m
?[0m?[0;34m2023-05-25T06:44:42.179+05:30  WARN 7100 --- [nio-1080-exec-9] .w.s.m.s.DefaultHandlerExceptionResolver : Resolved [org.springframework.web.bind.MethodArgumentNotValidException: Validation failed for argument [1] in public org.springframework.http.ResponseEntity<?> recipes.controller.RecipeController.updateRecipe(int,recipes.models.Recipe): [Field error in object 'recipe' on field 'name': rejected value [null]; codes [NotBlank.recipe.name,NotBlank.name,NotBlank.java.lang.String,NotBlank]; arguments [org.springframework.context.support.DefaultMessageSourceResolvable: codes [recipe.name,name]; arguments []; default message [name]]; default message [Name should not be blank]] ]
?[1;31m
Start test 46?[0m
?[0m?[0;34m2023-05-25T06:44:42.193+05:30  WARN 7100 --- [io-1080-exec-10] .w.s.m.s.DefaultHandlerExceptionResolver : Resolved [org.springframework.web.bind.MethodArgumentNotValidException: Validation failed for argument [1] in public org.springframework.http.ResponseEntity<?> recipes.controller.RecipeController.updateRecipe(int,recipes.models.Recipe): [Field error in object 'recipe' on field 'category': rejected value [null]; codes [NotBlank.recipe.category,NotBlank.category,NotBlank.java.lang.String,NotBlank]; arguments [org.springframework.context.support.DefaultMessageSourceResolvable: codes [recipe.category,category]; arguments []; default message [category]]; default message [Category should not be blank]] ]
?[1;31m
Start test 47?[0m
?[0m?[0;34m2023-05-25T06:44:42.207+05:30  WARN 7100 --- [nio-1080-exec-1] .w.s.m.s.DefaultHandlerExceptionResolver : Resolved [org.springframework.web.bind.MethodArgumentNotValidException: Validation failed for argument [1] in public org.springframework.http.ResponseEntity<?> recipes.controller.RecipeController.updateRecipe(int,recipes.models.Recipe): [Field error in object 'recipe' on field 'description': rejected value [null]; codes [NotBlank.recipe.description,NotBlank.description,NotBlank.java.lang.String,NotBlank]; arguments [org.springframework.context.support.DefaultMessageSourceResolvable: codes [recipe.description,description]; arguments []; default message [description]]; default message [Description should not be blank]] ]
?[1;31m
Start test 48?[0m
?[0m?[0;34m2023-05-25T06:44:42.220+05:30  WARN 7100 --- [nio-1080-exec-4] .w.s.m.s.DefaultHandlerExceptionResolver : Resolved [org.springframework.web.bind.MethodArgumentNotValidException: Validation failed for argument [1] in public org.springframework.http.ResponseEntity<?> recipes.controller.RecipeController.updateRecipe(int,recipes.models.Recipe): [Field error in object 'recipe' on field 'ingredients': rejected value [null]; codes [NotNull.recipe.ingredients,NotNull.ingredients,NotNull.[Ljava.lang.String;,NotNull]; arguments [org.springframework.context.support.DefaultMessageSourceResolvable: codes [recipe.ingredients,ingredients]; arguments []; default message [ingredients]]; default message [There should be at least one ingredient]] ]
?[1;31m
Start test 49?[0m
?[0m?[0;34m2023-05-25T06:44:42.233+05:30  WARN 7100 --- [nio-1080-exec-6] .w.s.m.s.DefaultHandlerExceptionResolver : Resolved [org.springframework.web.bind.MethodArgumentNotValidException: Validation failed for argument [1] in public org.springframework.http.ResponseEntity<?> recipes.controller.RecipeController.updateRecipe(int,recipes.models.Recipe): [Field error in object 'recipe' on field 'directions': rejected value [null]; codes [NotNull.recipe.directions,NotNull.directions,NotNull.[Ljava.lang.String;,NotNull]; arguments [org.springframework.context.support.DefaultMessageSourceResolvable: codes [recipe.directions,directions]; arguments []; default message [directions]]; default message [Directions should not be null]] ]
?[1;31m
Start test 50?[0m
?[0m?[0;34m2023-05-25T06:44:42.246+05:30  WARN 7100 --- [io-1080-exec-12] .w.s.m.s.DefaultHandlerExceptionResolver : Resolved [org.springframework.web.bind.MethodArgumentNotValidException: Validation failed for argument [1] in public org.springframework.http.ResponseEntity<?> recipes.controller.RecipeController.updateRecipe(int,recipes.models.Recipe): [Field error in object 'recipe' on field 'name': rejected value [  ]; codes [NotBlank.recipe.name,NotBlank.name,NotBlank.java.lang.String,NotBlank]; arguments [org.springframework.context.support.DefaultMessageSourceResolvable: codes [recipe.name,name]; arguments []; default message [name]]; default message [Name should not be blank]] ]
?[1;31m
Start test 51?[0m
?[0m?[0;34m2023-05-25T06:44:42.259+05:30  WARN 7100 --- [nio-1080-exec-2] .w.s.m.s.DefaultHandlerExceptionResolver : Resolved [org.springframework.web.bind.MethodArgumentNotValidException: Validation failed for argument [1] in public org.springframework.http.ResponseEntity<?> recipes.controller.RecipeController.updateRecipe(int,recipes.models.Recipe): [Field error in object 'recipe' on field 'category': rejected value [  ]; codes [NotBlank.recipe.category,NotBlank.category,NotBlank.java.lang.String,NotBlank]; arguments [org.springframework.context.support.DefaultMessageSourceResolvable: codes [recipe.category,category]; arguments []; default message [category]]; default message [Category should not be blank]] ]
?[1;31m
Start test 52?[0m
?[0m?[0;34m2023-05-25T06:44:42.270+05:30  WARN 7100 --- [io-1080-exec-11] .w.s.m.s.DefaultHandlerExceptionResolver : Resolved [org.springframework.web.bind.MethodArgumentNotValidException: Validation failed for argument [1] in public org.springframework.http.ResponseEntity<?> recipes.controller.RecipeController.updateRecipe(int,recipes.models.Recipe): [Field error in object 'recipe' on field 'description': rejected value [  ]; codes [NotBlank.recipe.description,NotBlank.description,NotBlank.java.lang.String,NotBlank]; arguments [org.springframework.context.support.DefaultMessageSourceResolvable: codes [recipe.description,description]; arguments []; default message [description]]; default message [Description should not be blank]] ]
?[1;31m
Start test 53?[0m
?[0m?[0;34m2023-05-25T06:44:42.282+05:30  WARN 7100 --- [nio-1080-exec-5] .w.s.m.s.DefaultHandlerExceptionResolver : Resolved [org.springframework.web.bind.MethodArgumentNotValidException: Validation failed for argument [1] in public org.springframework.http.ResponseEntity<?> recipes.controller.RecipeController.updateRecipe(int,recipes.models.Recipe): [Field error in object 'recipe' on field 'ingredients': rejected value [{}]; codes [Size.recipe.ingredients,Size.ingredients,Size.[Ljava.lang.String;,Size]; arguments [org.springframework.context.support.DefaultMessageSourceResolvable: codes [recipe.ingredients,ingredients]; arguments []; default message [ingredients],2147483647,1]; default message [There should be at least one ingredient]] ]
?[1;31m
Start test 54?[0m
?[0m?[0;34m2023-05-25T06:44:42.295+05:30  WARN 7100 --- [nio-1080-exec-3] .w.s.m.s.DefaultHandlerExceptionResolver : Resolved [org.springframework.web.bind.MethodArgumentNotValidException: Validation failed for argument [1] in public org.springframework.http.ResponseEntity<?> recipes.controller.RecipeController.updateRecipe(int,recipes.models.Recipe): [Field error in object 'recipe' on field 'directions': rejected value [{}]; codes [Size.recipe.directions,Size.directions,Size.[Ljava.lang.String;,Size]; arguments [org.springframework.context.support.DefaultMessageSourceResolvable: codes [recipe.directions,directions]; arguments []; default message [directions],2147483647,1]; default message [There should be at least one direction]] ]
]]></system-out>
  <system-err><![CDATA[]]></system-err>
</testsuite>
